[2022-06-22 21:50:26.748] [exthost] [info] Extension host with pid 44971 started
[2022-06-22 21:50:26.753] [exthost] [info] Skipping acquiring lock for /home/mike/.config/Code - OSS/User/workspaceStorage/bc9dcf03c9afb6f0bed7ad7b6b661ac1.
[2022-06-22 21:50:26.824] [exthost] [info] ExtensionService#_doActivateExtension vscode.debug-auto-launch, startup: true, activationEvent: '*'
[2022-06-22 21:50:26.829] [exthost] [info] ExtensionService#_doActivateExtension vscode.git-base, startup: true, activationEvent: '*'
[2022-06-22 21:50:26.833] [exthost] [info] ExtensionService#_doActivateExtension vscode.ipynb, startup: true, activationEvent: '*'
[2022-06-22 21:50:26.925] [exthost] [info] ExtensionService#_doActivateExtension vscode.github, startup: true, activationEvent: '*'
[2022-06-22 21:50:26.939] [exthost] [info] Eager extensions activated
[2022-06-22 21:50:26.942] [exthost] [info] ExtensionService#_doActivateExtension vscode.emmet, startup: false, activationEvent: 'onStartupFinished'
[2022-06-22 21:50:26.956] [exthost] [info] ExtensionService#_doActivateExtension vscode.merge-conflict, startup: false, activationEvent: 'onStartupFinished'
[2022-06-22 21:50:31.206] [exthost] [info] ExtensionService#_doActivateExtension vscode.git, startup: false, activationEvent: 'api', root cause: vscode.github
[2022-06-22 21:51:10.707] [exthost] [info] ExtensionService#_doActivateExtension PKief.material-icon-theme, startup: false, activationEvent: 'onStartupFinished'
[2022-06-22 21:51:29.457] [exthost] [info] ExtensionService#_doActivateExtension equinusocio.vsc-material-theme-icons, startup: false, activationEvent: 'onStartupFinished'
[2022-06-22 21:51:29.487] [exthost] [info] ExtensionService#_doActivateExtension Equinusocio.vsc-material-theme, startup: false, activationEvent: 'onStartupFinished'
[2022-06-22 21:51:39.414] [exthost] [info] ExtensionService#_doActivateExtension vscode.configuration-editing, startup: false, activationEvent: 'onLanguage:jsonc'
[2022-06-22 21:51:39.419] [exthost] [info] ExtensionService#_doActivateExtension vscode.json-language-features, startup: false, activationEvent: 'onLanguage:jsonc'
[2022-06-22 21:51:39.493] [exthost] [info] ExtensionService#_doActivateExtension vscode.typescript-language-features, startup: false, activationEvent: 'onLanguage:jsonc'
[2022-06-22 21:52:34.736] [exthost] [info] ExtensionService#_doActivateExtension vscodevim.vim, startup: false, activationEvent: '*'
[2022-06-22 21:57:00.474] [exthost] [info] Extension host terminating: received terminate message from renderer
[2022-06-22 21:57:00.497] [exthost] [error] Error: read ECONNRESET
    at Pipe.onStreamRead (node:internal/stream_base_commons:220:20)
[2022-06-22 21:57:00.498] [exthost] [error] Error: ENOENT: no such file or directory, open '/home/mike/.config/Code - OSS/User/globalStorage/vscodevim.vim/.registers'
[2022-06-22 21:57:00.499] [exthost] [info] Extension host with pid 44971 exiting with code 0
