[2022-06-22 22:00:19.703] [sharedprocess] [info] Starting worker process with pid 46094 (type: fileWatcher, window: 1).
[2022-06-22 22:00:42.272] [sharedprocess] [info] Getting Manifest... vspacecode.vspacecode
[2022-06-22 22:00:42.288] [sharedprocess] [info] Installing extension: vspacecode.vspacecode
[2022-06-22 22:00:42.653] [sharedprocess] [info] Getting Manifest... bodil.file-browser
[2022-06-22 22:00:43.507] [sharedprocess] [info] Getting Manifest... kahole.magit
[2022-06-22 22:00:44.343] [sharedprocess] [info] Getting Manifest... vspacecode.whichkey
[2022-06-22 22:00:45.125] [sharedprocess] [info] Getting Manifest... jacobdufault.fuzzy-search
[2022-06-22 22:00:46.085] [sharedprocess] [info] Installing extension: bodil.file-browser
[2022-06-22 22:00:46.086] [sharedprocess] [info] Installing extension: kahole.magit
[2022-06-22 22:00:46.086] [sharedprocess] [info] Installing extension: vspacecode.whichkey
[2022-06-22 22:00:46.086] [sharedprocess] [info] Installing extension: jacobdufault.fuzzy-search
[2022-06-22 22:00:47.923] [sharedprocess] [info] Downloaded extension: jacobdufault.fuzzy-search /home/mike/.config/Code - OSS/CachedExtensionVSIXs/jacobdufault.fuzzy-search-0.0.3
[2022-06-22 22:00:47.923] [sharedprocess] [info] Downloaded extension: kahole.magit /home/mike/.config/Code - OSS/CachedExtensionVSIXs/kahole.magit-0.6.29
[2022-06-22 22:00:47.924] [sharedprocess] [info] Downloaded extension: vspacecode.whichkey /home/mike/.config/Code - OSS/CachedExtensionVSIXs/vspacecode.whichkey-0.11.3
[2022-06-22 22:00:47.955] [sharedprocess] [info] Extracted extension to /home/mike/.vscode-oss/extensions/.09cfba51-c953-4d7b-8c09-658fc3ff15e0: jacobdufault.fuzzy-search
[2022-06-22 22:00:47.960] [sharedprocess] [info] Renamed to /home/mike/.vscode-oss/extensions/jacobdufault.fuzzy-search-0.0.3
[2022-06-22 22:00:47.963] [sharedprocess] [info] Extracting completed. jacobdufault.fuzzy-search
[2022-06-22 22:00:47.964] [sharedprocess] [info] Extracted extension to /home/mike/.vscode-oss/extensions/.2d3e193a-d873-4a3b-9768-ca9fb04013aa: vspacecode.whichkey
[2022-06-22 22:00:47.968] [sharedprocess] [info] Renamed to /home/mike/.vscode-oss/extensions/vspacecode.whichkey-0.11.3
[2022-06-22 22:00:47.970] [sharedprocess] [info] Extracting completed. vspacecode.whichkey
[2022-06-22 22:00:47.973] [sharedprocess] [info] Extracted extension to /home/mike/.vscode-oss/extensions/.df4e54c1-77fd-438d-9cd1-e9894fff969c: kahole.magit
[2022-06-22 22:00:47.976] [sharedprocess] [info] Renamed to /home/mike/.vscode-oss/extensions/kahole.magit-0.6.29
[2022-06-22 22:00:47.978] [sharedprocess] [info] Extracting completed. kahole.magit
[2022-06-22 22:00:48.017] [sharedprocess] [info] Downloaded extension: bodil.file-browser /home/mike/.config/Code - OSS/CachedExtensionVSIXs/bodil.file-browser-0.2.10
[2022-06-22 22:00:48.044] [sharedprocess] [info] Extracted extension to /home/mike/.vscode-oss/extensions/.efa01fcf-b979-46a1-b206-d7e5da18e555: bodil.file-browser
[2022-06-22 22:00:48.048] [sharedprocess] [info] Renamed to /home/mike/.vscode-oss/extensions/bodil.file-browser-0.2.10
[2022-06-22 22:00:48.049] [sharedprocess] [info] Extracting completed. bodil.file-browser
[2022-06-22 22:00:49.751] [sharedprocess] [info] Downloaded extension: vspacecode.vspacecode /home/mike/.config/Code - OSS/CachedExtensionVSIXs/vspacecode.vspacecode-0.10.9
[2022-06-22 22:00:49.775] [sharedprocess] [info] Extracted extension to /home/mike/.vscode-oss/extensions/.4b01df55-22c2-4a28-984a-d1a60715d2ab: vspacecode.vspacecode
[2022-06-22 22:00:49.783] [sharedprocess] [info] Renamed to /home/mike/.vscode-oss/extensions/vspacecode.vspacecode-0.10.9
[2022-06-22 22:00:49.785] [sharedprocess] [info] Extracting completed. vspacecode.vspacecode
[2022-06-22 22:00:49.789] [sharedprocess] [info] Extension installed successfully: jacobdufault.fuzzy-search
[2022-06-22 22:00:49.790] [sharedprocess] [info] Extension installed successfully: vspacecode.whichkey
[2022-06-22 22:00:49.790] [sharedprocess] [info] Extension installed successfully: kahole.magit
[2022-06-22 22:00:49.790] [sharedprocess] [info] Extension installed successfully: bodil.file-browser
[2022-06-22 22:00:49.790] [sharedprocess] [info] Extension installed successfully: vspacecode.vspacecode
[2022-06-22 22:06:53.159] [sharedprocess] [info] Worker process with pid 46094 terminated normally (type: fileWatcher, window: 1).
[2022-06-22 22:06:54.631] [sharedprocess] [info] Starting worker process with pid 46458 (type: fileWatcher, window: 1).
[2022-06-22 23:08:25.794] [sharedprocess] [info] Worker process with pid 46458 terminated normally (type: fileWatcher, window: 1).
[2022-06-22 23:08:27.561] [sharedprocess] [info] Starting worker process with pid 65606 (type: fileWatcher, window: 1).
