[2022-06-22T15:06:55.735Z] Log level: Info
[2022-06-22T15:06:55.736Z] [info] Validating found git in: git
[2022-06-22T15:06:55.745Z] [info] Using git 2.36.1 from git
[2022-06-22T15:06:55.754Z] > git rev-parse --show-toplevel [1ms]
[2022-06-22T15:06:55.761Z] > git rev-parse --git-dir --git-common-dir [0ms]
[2022-06-22T15:06:55.764Z] [info] Open repository: /home/mike/qmk_firmware
[2022-06-22T15:06:56.122Z] > git show --textconv :keyboards/ferris/0_1/0_1.c [6ms]
[2022-06-22T15:06:56.129Z] > git ls-files --stage -- /home/mike/qmk_firmware/keyboards/ferris/0_1/0_1.c [7ms]
[2022-06-22T15:06:56.134Z] > git cat-file -s dbdb0b4bdc282c76318943e52dd81bbb01c1b7a9 [1ms]
[2022-06-22T15:06:56.402Z] > git check-ignore -v -z --stdin [63ms]
[2022-06-22T15:06:56.450Z] > git status -z -uall [675ms]
[2022-06-22T15:06:56.456Z] > git symbolic-ref --short HEAD [1ms]
[2022-06-22T15:06:56.462Z] > git for-each-ref --format=%(refname)%00%(upstream:short)%00%(objectname)%00%(upstream:track)%00%(upstream:remotename)%00%(upstream:remoteref) refs/heads/master refs/remotes/master [2ms]
[2022-06-22T15:06:56.472Z] > git remote --verbose [1ms]
[2022-06-22T15:06:56.485Z] > git for-each-ref --sort -committerdate --format %(refname) %(objectname) %(*objectname) [19ms]
[2022-06-22T15:06:56.503Z] > git config --get commit.template [5ms]
[2022-06-22T15:06:56.765Z] > git fetch [995ms]
[2022-06-22T15:06:57.000Z] > git rev-parse --show-toplevel [1ms]
[2022-06-22T15:06:57.009Z] > git rev-parse --git-dir --git-common-dir [1ms]
[2022-06-22T15:06:57.011Z] [info] Open repository: /home/mike/qmk_firmware/lib/chibios
[2022-06-22T15:06:57.044Z] > git status -z -uall [21ms]
[2022-06-22T15:06:57.051Z] > git rev-parse --show-toplevel [20ms]
[2022-06-22T15:06:57.066Z] > git rev-parse --git-dir --git-common-dir [1ms]
[2022-06-22T15:06:57.068Z] [info] Open repository: /home/mike/qmk_firmware/lib/chibios-contrib
[2022-06-22T15:06:57.098Z] > git symbolic-ref --short HEAD [49ms]
[2022-06-22T15:06:57.098Z] fatal: ref HEAD is not a symbolic ref
[2022-06-22T15:06:57.108Z] > git rev-parse --show-toplevel [10ms]
[2022-06-22T15:06:57.117Z] > git rev-parse HEAD [13ms]
[2022-06-22T15:06:57.142Z] > git for-each-ref --sort -committerdate --format %(refname) %(objectname) %(*objectname) [10ms]
[2022-06-22T15:06:57.144Z] > git rev-parse --git-dir --git-common-dir [27ms]
[2022-06-22T15:06:57.151Z] [info] Open repository: /home/mike/qmk_firmware/lib/googletest
[2022-06-22T15:06:57.176Z] > git status -z -uall [86ms]
[2022-06-22T15:06:57.182Z] > git status -z -uall [15ms]
[2022-06-22T15:06:57.188Z] > git remote --verbose [47ms]
[2022-06-22T15:06:57.189Z] > git symbolic-ref --short HEAD [8ms]
[2022-06-22T15:06:57.189Z] fatal: ref HEAD is not a symbolic ref
[2022-06-22T15:06:57.195Z] > git rev-parse --show-toplevel [20ms]
[2022-06-22T15:06:57.213Z] > git rev-parse HEAD [18ms]
[2022-06-22T15:06:57.226Z] > git symbolic-ref --short HEAD [39ms]
[2022-06-22T15:06:57.226Z] fatal: ref HEAD is not a symbolic ref
[2022-06-22T15:06:57.233Z] > git remote --verbose [8ms]
[2022-06-22T15:06:57.233Z] > git for-each-ref --sort -committerdate --format %(refname) %(objectname) %(*objectname) [14ms]
[2022-06-22T15:06:57.233Z] > git config --get commit.template [26ms]
[2022-06-22T15:06:57.234Z] > git rev-parse --git-dir --git-common-dir [33ms]
[2022-06-22T15:06:57.235Z] [info] Open repository: /home/mike/qmk_firmware/lib/lufa
[2022-06-22T15:06:57.256Z] > git rev-parse HEAD [24ms]
[2022-06-22T15:06:57.274Z] > git status -z -uall [25ms]
[2022-06-22T15:06:57.279Z] > git for-each-ref --sort -committerdate --format %(refname) %(objectname) %(*objectname) [11ms]
[2022-06-22T15:06:57.280Z] > git rev-parse --show-toplevel [26ms]
[2022-06-22T15:06:57.286Z] > git symbolic-ref --short HEAD [7ms]
[2022-06-22T15:06:57.286Z] fatal: ref HEAD is not a symbolic ref
[2022-06-22T15:06:57.291Z] > git remote --verbose [18ms]
[2022-06-22T15:06:57.304Z] > git rev-parse HEAD [13ms]
[2022-06-22T15:06:57.329Z] > git rev-parse --git-dir --git-common-dir [44ms]
[2022-06-22T15:06:57.330Z] [info] Open repository: /home/mike/qmk_firmware/lib/vusb
[2022-06-22T15:06:57.363Z] > git status -z -uall [21ms]
[2022-06-22T15:06:57.370Z] > git rev-parse --show-toplevel [22ms]
[2022-06-22T15:06:57.375Z] > git remote --verbose [47ms]
[2022-06-22T15:06:57.375Z] > git for-each-ref --sort -committerdate --format %(refname) %(objectname) %(*objectname) [52ms]
[2022-06-22T15:06:57.376Z] > git config --get commit.template [73ms]
[2022-06-22T15:06:57.377Z] > git config --get commit.template [80ms]
[2022-06-22T15:06:57.384Z] > git rev-parse --git-dir --git-common-dir [9ms]
[2022-06-22T15:06:57.386Z] [info] Open repository: /home/mike/qmk_firmware/lib/printf
[2022-06-22T15:06:57.396Z] > git symbolic-ref --short HEAD [26ms]
[2022-06-22T15:06:57.396Z] fatal: ref HEAD is not a symbolic ref
[2022-06-22T15:06:57.403Z] > git status -z -uall [7ms]
[2022-06-22T15:06:57.410Z] > git config --get commit.template [29ms]
[2022-06-22T15:06:57.412Z] > git symbolic-ref --short HEAD [3ms]
[2022-06-22T15:06:57.412Z] fatal: ref HEAD is not a symbolic ref
[2022-06-22T15:06:57.417Z] > git rev-parse HEAD [16ms]
[2022-06-22T15:06:57.429Z] > git for-each-ref --sort -committerdate --format %(refname) %(objectname) %(*objectname) [6ms]
[2022-06-22T15:06:57.429Z] > git rev-parse HEAD [12ms]
[2022-06-22T15:06:57.440Z] > git remote --verbose [1ms]
[2022-06-22T15:06:57.440Z] > git for-each-ref --sort -committerdate --format %(refname) %(objectname) %(*objectname) [6ms]
[2022-06-22T15:06:57.442Z] > git remote --verbose [14ms]
[2022-06-22T15:06:57.457Z] > git config --get commit.template [6ms]
[2022-06-22T15:06:57.459Z] > git config --get commit.template [2ms]
[2022-06-22T15:06:57.549Z] > git status -z -uall [778ms]
[2022-06-22T15:06:57.556Z] > git symbolic-ref --short HEAD [2ms]
[2022-06-22T15:06:57.562Z] > git for-each-ref --format=%(refname)%00%(upstream:short)%00%(objectname)%00%(upstream:track)%00%(upstream:remotename)%00%(upstream:remoteref) refs/heads/master refs/remotes/master [1ms]
[2022-06-22T15:06:57.586Z] > git remote --verbose [0ms]
[2022-06-22T15:06:57.601Z] > git for-each-ref --sort -committerdate --format %(refname) %(objectname) %(*objectname) [31ms]
[2022-06-22T15:06:57.616Z] > git config --get commit.template [6ms]
[2022-06-22T15:06:57.684Z] > git check-ignore -v -z --stdin [68ms]
[2022-06-22T15:06:57.860Z] > git fetch [842ms]
[2022-06-22T15:06:57.879Z] > git fetch [804ms]
[2022-06-22T15:06:57.885Z] > git status -z -uall [20ms]
[2022-06-22T15:06:57.894Z] > git symbolic-ref --short HEAD [1ms]
[2022-06-22T15:06:57.894Z] fatal: ref HEAD is not a symbolic ref
[2022-06-22T15:06:57.900Z] > git rev-parse HEAD [0ms]
[2022-06-22T15:06:57.911Z] > git for-each-ref --sort -committerdate --format %(refname) %(objectname) %(*objectname) [6ms]
[2022-06-22T15:06:57.911Z] > git remote --verbose [1ms]
[2022-06-22T15:06:57.917Z] > git config --get commit.template [0ms]
[2022-06-22T15:06:57.921Z] > git status -z -uall [36ms]
[2022-06-22T15:06:57.926Z] > git symbolic-ref --short HEAD [1ms]
[2022-06-22T15:06:57.926Z] fatal: ref HEAD is not a symbolic ref
[2022-06-22T15:06:57.932Z] > git rev-parse HEAD [1ms]
[2022-06-22T15:06:57.941Z] > git for-each-ref --sort -committerdate --format %(refname) %(objectname) %(*objectname) [5ms]
[2022-06-22T15:06:57.941Z] > git remote --verbose [1ms]
[2022-06-22T15:06:57.947Z] > git config --get commit.template [1ms]
[2022-06-22T15:06:58.068Z] > git fetch [826ms]
[2022-06-22T15:06:58.074Z] > git fetch [918ms]
[2022-06-22T15:06:58.080Z] > git status -z -uall [6ms]
[2022-06-22T15:06:58.088Z] > git status -z -uall [9ms]
[2022-06-22T15:06:58.094Z] > git symbolic-ref --short HEAD [7ms]
[2022-06-22T15:06:58.094Z] fatal: ref HEAD is not a symbolic ref
[2022-06-22T15:06:58.099Z] > git symbolic-ref --short HEAD [6ms]
[2022-06-22T15:06:58.099Z] fatal: ref HEAD is not a symbolic ref
[2022-06-22T15:06:58.104Z] > git rev-parse HEAD [5ms]
[2022-06-22T15:06:58.116Z] > git for-each-ref --sort -committerdate --format %(refname) %(objectname) %(*objectname) [7ms]
[2022-06-22T15:06:58.116Z] > git rev-parse HEAD [12ms]
[2022-06-22T15:06:58.127Z] > git for-each-ref --sort -committerdate --format %(refname) %(objectname) %(*objectname) [6ms]
[2022-06-22T15:06:58.127Z] > git remote --verbose [14ms]
[2022-06-22T15:06:58.133Z] > git remote --verbose [8ms]
[2022-06-22T15:06:58.139Z] > git config --get commit.template [6ms]
[2022-06-22T15:06:58.140Z] > git fetch [803ms]
[2022-06-22T15:06:58.144Z] > git config --get commit.template [6ms]
[2022-06-22T15:06:58.145Z] > git status -z -uall [1ms]
[2022-06-22T15:06:58.151Z] > git symbolic-ref --short HEAD [1ms]
[2022-06-22T15:06:58.151Z] fatal: ref HEAD is not a symbolic ref
[2022-06-22T15:06:58.156Z] > git rev-parse HEAD [1ms]
[2022-06-22T15:06:58.164Z] > git for-each-ref --sort -committerdate --format %(refname) %(objectname) %(*objectname) [4ms]
[2022-06-22T15:06:58.165Z] > git remote --verbose [1ms]
[2022-06-22T15:06:58.170Z] > git config --get commit.template [0ms]
[2022-06-22T15:06:58.190Z] > git fetch [799ms]
[2022-06-22T15:06:58.196Z] > git status -z -uall [1ms]
[2022-06-22T15:06:58.202Z] > git symbolic-ref --short HEAD [0ms]
[2022-06-22T15:06:58.202Z] fatal: ref HEAD is not a symbolic ref
[2022-06-22T15:06:58.206Z] > git rev-parse HEAD [0ms]
[2022-06-22T15:06:58.214Z] > git for-each-ref --sort -committerdate --format %(refname) %(objectname) %(*objectname) [4ms]
[2022-06-22T15:06:58.215Z] > git remote --verbose [1ms]
[2022-06-22T15:06:58.220Z] > git config --get commit.template [0ms]
[2022-06-22T15:06:58.305Z] > git check-ignore -v -z --stdin [13ms]
[2022-06-22T15:06:58.454Z] > git rev-parse --show-toplevel [1ms]
[2022-06-22T15:06:58.461Z] > git rev-parse --git-dir --git-common-dir [1ms]
[2022-06-22T15:06:58.463Z] [info] Open repository: /home/mike/qmk_firmware/lib/chibios-contrib/ext/mcux-sdk
[2022-06-22T15:06:58.501Z] > git status -z -uall [26ms]
[2022-06-22T15:06:58.507Z] > git symbolic-ref --short HEAD [1ms]
[2022-06-22T15:06:58.507Z] fatal: ref HEAD is not a symbolic ref
[2022-06-22T15:06:58.512Z] > git rev-parse HEAD [1ms]
[2022-06-22T15:06:58.520Z] > git for-each-ref --sort -committerdate --format %(refname) %(objectname) %(*objectname) [4ms]
[2022-06-22T15:06:58.521Z] > git remote --verbose [1ms]
[2022-06-22T15:06:58.527Z] > git config --get commit.template [1ms]
[2022-06-22T15:06:58.960Z] > git status -z -uall [19ms]
[2022-06-22T15:06:58.966Z] > git symbolic-ref --short HEAD [1ms]
[2022-06-22T15:06:58.966Z] fatal: ref HEAD is not a symbolic ref
[2022-06-22T15:06:58.971Z] > git rev-parse HEAD [1ms]
[2022-06-22T15:06:58.980Z] > git for-each-ref --sort -committerdate --format %(refname) %(objectname) %(*objectname) [4ms]
[2022-06-22T15:06:58.981Z] > git remote --verbose [2ms]
[2022-06-22T15:06:58.987Z] > git config --get commit.template [1ms]
[2022-06-22T15:06:59.060Z] > git check-ignore -v -z --stdin [64ms]
[2022-06-22T15:06:59.194Z] > git status -z -uall [1ms]
[2022-06-22T15:06:59.200Z] > git symbolic-ref --short HEAD [1ms]
[2022-06-22T15:06:59.200Z] fatal: ref HEAD is not a symbolic ref
[2022-06-22T15:06:59.205Z] > git rev-parse HEAD [1ms]
[2022-06-22T15:06:59.212Z] > git for-each-ref --sort -committerdate --format %(refname) %(objectname) %(*objectname) [4ms]
[2022-06-22T15:06:59.213Z] > git remote --verbose [1ms]
[2022-06-22T15:06:59.218Z] > git config --get commit.template [0ms]
[2022-06-22T15:06:59.250Z] > git status -z -uall [2ms]
[2022-06-22T15:06:59.255Z] > git symbolic-ref --short HEAD [1ms]
[2022-06-22T15:06:59.255Z] fatal: ref HEAD is not a symbolic ref
[2022-06-22T15:06:59.260Z] > git rev-parse HEAD [1ms]
[2022-06-22T15:06:59.269Z] > git for-each-ref --sort -committerdate --format %(refname) %(objectname) %(*objectname) [6ms]
[2022-06-22T15:06:59.269Z] > git fetch [800ms]
[2022-06-22T15:06:59.273Z] > git remote --verbose [5ms]
[2022-06-22T15:06:59.281Z] > git config --get commit.template [1ms]
[2022-06-22T15:06:59.293Z] > git status -z -uall [20ms]
[2022-06-22T15:06:59.299Z] > git symbolic-ref --short HEAD [1ms]
[2022-06-22T15:06:59.299Z] fatal: ref HEAD is not a symbolic ref
[2022-06-22T15:06:59.304Z] > git rev-parse HEAD [1ms]
[2022-06-22T15:06:59.312Z] > git for-each-ref --sort -committerdate --format %(refname) %(objectname) %(*objectname) [4ms]
[2022-06-22T15:06:59.313Z] > git remote --verbose [1ms]
[2022-06-22T15:06:59.318Z] > git config --get commit.template [0ms]
[2022-06-22T15:06:59.943Z] > git check-ignore -v -z --stdin [10ms]
[2022-06-22T15:07:00.351Z] > git status -z -uall [21ms]
[2022-06-22T15:07:00.356Z] > git symbolic-ref --short HEAD [1ms]
[2022-06-22T15:07:00.356Z] fatal: ref HEAD is not a symbolic ref
[2022-06-22T15:07:00.360Z] > git rev-parse HEAD [0ms]
[2022-06-22T15:07:00.368Z] > git for-each-ref --sort -committerdate --format %(refname) %(objectname) %(*objectname) [4ms]
[2022-06-22T15:07:00.369Z] > git remote --verbose [1ms]
[2022-06-22T15:07:00.374Z] > git config --get commit.template [1ms]
[2022-06-22T15:07:00.434Z] > git ls-files --stage -- /home/mike/qmk_firmware/keyboards/ferris/0_1/0_1.c [6ms]
[2022-06-22T15:07:00.439Z] > git cat-file -s dbdb0b4bdc282c76318943e52dd81bbb01c1b7a9 [1ms]
[2022-06-22T15:07:00.454Z] > git show --textconv :keyboards/ferris/0_1/0_1.c [7ms]
[2022-06-22T15:07:03.485Z] > git show --textconv :keyboards/ferris/sweep/sweep.c [6ms]
[2022-06-22T15:07:03.490Z] > git ls-files --stage -- /home/mike/qmk_firmware/keyboards/ferris/sweep/sweep.c [6ms]
[2022-06-22T15:07:03.495Z] > git cat-file -s 98467f18ae4ad2de078b54358ad1a6ca2e865e61 [1ms]
[2022-06-22T15:07:04.613Z] > git show --textconv :keyboards/ferris/sweep/sweep.h [7ms]
[2022-06-22T15:07:04.618Z] > git ls-files --stage -- /home/mike/qmk_firmware/keyboards/ferris/sweep/sweep.h [6ms]
[2022-06-22T15:07:04.623Z] > git cat-file -s ebfa4ede1dab46629912aefe3e046ea01f796c8b [1ms]
[2022-06-22T15:07:07.011Z] > git show --textconv :keyboards/ferris/sweep/rules.mk [7ms]
[2022-06-22T15:07:07.015Z] > git ls-files --stage -- /home/mike/qmk_firmware/keyboards/ferris/sweep/rules.mk [5ms]
[2022-06-22T15:07:07.022Z] > git cat-file -s ffc17739f70131c080939110ea26dc1a3cce4d3e [2ms]
[2022-06-22T15:07:07.563Z] > git show --textconv :keyboards/ferris/sweep/config.h [8ms]
[2022-06-22T15:07:07.567Z] > git ls-files --stage -- /home/mike/qmk_firmware/keyboards/ferris/sweep/config.h [6ms]
[2022-06-22T15:07:07.573Z] > git cat-file -s 4d4d7d309f6bdb0b09d68a2dc91b425c9416a5e9 [1ms]
[2022-06-22T15:07:08.792Z] > git check-ignore -v -z --stdin [9ms]
[2022-06-22T15:07:11.568Z] > git check-ignore -v -z --stdin [64ms]
[2022-06-22T15:07:25.390Z] > git show --textconv :keyboards/1upkeyboards/sweet16/keymaps/default/keymap.c [8ms]
[2022-06-22T15:07:25.396Z] > git ls-files --stage -- /home/mike/qmk_firmware/keyboards/1upkeyboards/sweet16/keymaps/default/keymap.c [7ms]
[2022-06-22T15:07:25.404Z] > git cat-file -s 9ab912d7b586031fbf99341687f8a2d0c8de5923 [1ms]
[2022-06-22T15:07:25.869Z] > git check-ignore -v -z --stdin [39ms]
[2022-06-22T15:07:36.327Z] > git check-ignore -v -z --stdin [63ms]
[2022-06-22T15:08:03.376Z] > git check-ignore -v -z --stdin [12ms]
[2022-06-22T15:08:04.891Z] > git check-ignore -v -z --stdin [8ms]
[2022-06-22T15:08:07.200Z] > git check-ignore -v -z --stdin [9ms]
[2022-06-22T15:08:08.204Z] > git show --textconv :keyboards/ferris/keymaps/default/keymap.json [14ms]
[2022-06-22T15:08:08.231Z] > git ls-files --stage -- /home/mike/qmk_firmware/keyboards/ferris/keymaps/default/keymap.json [28ms]
[2022-06-22T15:08:08.252Z] > git cat-file -s cc156df24666e66e8142ba4006c1a64ec82cc0b2 [4ms]
[2022-06-22T15:09:05.417Z] > git show --textconv :keyboards/ferris/keymaps/default/config.h [7ms]
[2022-06-22T15:09:05.422Z] > git ls-files --stage -- /home/mike/qmk_firmware/keyboards/ferris/keymaps/default/config.h [6ms]
[2022-06-22T15:09:05.428Z] > git cat-file -s 5d13cc596b09e087a07c97547e6649d1a3b49672 [1ms]
[2022-06-22T15:09:06.194Z] > git show --textconv :keyboards/ferris/keymaps/default/keymap.json [8ms]
[2022-06-22T15:09:06.200Z] > git ls-files --stage -- /home/mike/qmk_firmware/keyboards/ferris/keymaps/default/keymap.json [7ms]
[2022-06-22T15:09:06.207Z] > git cat-file -s cc156df24666e66e8142ba4006c1a64ec82cc0b2 [1ms]
[2022-06-22T15:09:58.657Z] > git fetch [1026ms]
[2022-06-22T15:09:58.768Z] > git fetch [814ms]
[2022-06-22T15:09:58.805Z] > git fetch [881ms]
[2022-06-22T15:09:58.811Z] > git status -z -uall [38ms]
[2022-06-22T15:09:58.820Z] > git symbolic-ref --short HEAD [1ms]
[2022-06-22T15:09:58.820Z] fatal: ref HEAD is not a symbolic ref
[2022-06-22T15:09:58.826Z] > git rev-parse HEAD [1ms]
[2022-06-22T15:09:58.838Z] > git status -z -uall [27ms]
[2022-06-22T15:09:58.843Z] > git for-each-ref --sort -committerdate --format %(refname) %(objectname) %(*objectname) [12ms]
[2022-06-22T15:09:58.844Z] > git symbolic-ref --short HEAD [1ms]
[2022-06-22T15:09:58.844Z] fatal: ref HEAD is not a symbolic ref
[2022-06-22T15:09:58.850Z] > git remote --verbose [13ms]
[2022-06-22T15:09:58.852Z] > git rev-parse HEAD [2ms]
[2022-06-22T15:09:58.869Z] > git for-each-ref --sort -committerdate --format %(refname) %(objectname) %(*objectname) [12ms]
[2022-06-22T15:09:58.875Z] > git config --get commit.template [8ms]
[2022-06-22T15:09:58.877Z] > git remote --verbose [15ms]
[2022-06-22T15:09:58.887Z] > git config --get commit.template [1ms]
[2022-06-22T15:09:58.965Z] > git fetch [817ms]
[2022-06-22T15:09:58.979Z] > git status -z -uall [8ms]
[2022-06-22T15:09:58.985Z] > git fetch [809ms]
[2022-06-22T15:09:58.991Z] > git symbolic-ref --short HEAD [6ms]
[2022-06-22T15:09:58.991Z] fatal: ref HEAD is not a symbolic ref
[2022-06-22T15:09:58.997Z] > git status -z -uall [6ms]
[2022-06-22T15:09:59.003Z] > git rev-parse HEAD [7ms]
[2022-06-22T15:09:59.013Z] > git for-each-ref --sort -committerdate --format %(refname) %(objectname) %(*objectname) [6ms]
[2022-06-22T15:09:59.014Z] > git symbolic-ref --short HEAD [12ms]
[2022-06-22T15:09:59.014Z] fatal: ref HEAD is not a symbolic ref
[2022-06-22T15:09:59.019Z] > git remote --verbose [7ms]
[2022-06-22T15:09:59.026Z] > git rev-parse HEAD [7ms]
[2022-06-22T15:09:59.038Z] > git for-each-ref --sort -committerdate --format %(refname) %(objectname) %(*objectname) [7ms]
[2022-06-22T15:09:59.038Z] > git config --get commit.template [12ms]
[2022-06-22T15:09:59.039Z] > git remote --verbose [3ms]
[2022-06-22T15:09:59.046Z] > git config --get commit.template [0ms]
[2022-06-22T15:09:59.046Z] > git fetch [820ms]
[2022-06-22T15:09:59.052Z] > git status -z -uall [1ms]
[2022-06-22T15:09:59.058Z] > git symbolic-ref --short HEAD [1ms]
[2022-06-22T15:09:59.058Z] fatal: ref HEAD is not a symbolic ref
[2022-06-22T15:09:59.064Z] > git rev-parse HEAD [0ms]
[2022-06-22T15:09:59.074Z] > git for-each-ref --sort -committerdate --format %(refname) %(objectname) %(*objectname) [5ms]
[2022-06-22T15:09:59.075Z] > git remote --verbose [2ms]
[2022-06-22T15:09:59.081Z] > git config --get commit.template [1ms]
[2022-06-22T15:09:59.341Z] > git status -z -uall [678ms]
[2022-06-22T15:09:59.347Z] > git symbolic-ref --short HEAD [1ms]
[2022-06-22T15:09:59.354Z] > git for-each-ref --format=%(refname)%00%(upstream:short)%00%(objectname)%00%(upstream:track)%00%(upstream:remotename)%00%(upstream:remoteref) refs/heads/master refs/remotes/master [1ms]
[2022-06-22T15:09:59.364Z] > git remote --verbose [1ms]
[2022-06-22T15:09:59.376Z] > git for-each-ref --sort -committerdate --format %(refname) %(objectname) %(*objectname) [18ms]
[2022-06-22T15:09:59.388Z] > git config --get commit.template [0ms]
[2022-06-22T15:09:59.603Z] > git fetch [1450ms]
[2022-06-22T15:09:59.610Z] > git status -z -uall [2ms]
[2022-06-22T15:09:59.617Z] > git symbolic-ref --short HEAD [1ms]
[2022-06-22T15:09:59.617Z] fatal: ref HEAD is not a symbolic ref
[2022-06-22T15:09:59.623Z] > git rev-parse HEAD [1ms]
[2022-06-22T15:09:59.635Z] > git for-each-ref --sort -committerdate --format %(refname) %(objectname) %(*objectname) [7ms]
[2022-06-22T15:09:59.636Z] > git remote --verbose [2ms]
[2022-06-22T15:09:59.643Z] > git config --get commit.template [1ms]
[2022-06-22T15:10:00.113Z] > git status -z -uall [2ms]
[2022-06-22T15:10:00.121Z] > git symbolic-ref --short HEAD [1ms]
[2022-06-22T15:10:00.121Z] fatal: ref HEAD is not a symbolic ref
[2022-06-22T15:10:00.131Z] > git rev-parse HEAD [1ms]
[2022-06-22T15:10:00.145Z] > git for-each-ref --sort -committerdate --format %(refname) %(objectname) %(*objectname) [7ms]
[2022-06-22T15:10:00.145Z] > git remote --verbose [1ms]
[2022-06-22T15:10:00.151Z] > git fetch [827ms]
[2022-06-22T15:10:00.158Z] > git config --get commit.template [7ms]
[2022-06-22T15:10:00.182Z] > git status -z -uall [25ms]
[2022-06-22T15:10:00.188Z] > git symbolic-ref --short HEAD [1ms]
[2022-06-22T15:10:00.188Z] fatal: ref HEAD is not a symbolic ref
[2022-06-22T15:10:00.195Z] > git rev-parse HEAD [1ms]
[2022-06-22T15:10:00.332Z] > git for-each-ref --sort -committerdate --format %(refname) %(objectname) %(*objectname) [131ms]
[2022-06-22T15:10:00.333Z] > git remote --verbose [123ms]
[2022-06-22T15:10:00.341Z] > git config --get commit.template [2ms]
[2022-06-22T15:10:00.732Z] > git show --textconv :keyboards/ferris/keymaps/default/readme.md [92ms]
[2022-06-22T15:10:00.733Z] > git ls-files --stage -- /home/mike/qmk_firmware/keyboards/ferris/keymaps/default/readme.md [80ms]
[2022-06-22T15:10:00.748Z] > git cat-file -s aa7ba6d13b67f68c52e42e72d8454dc0202ff6d5 [10ms]
[2022-06-22T15:10:01.023Z] > git status -z -uall [10ms]
[2022-06-22T15:10:01.030Z] > git symbolic-ref --short HEAD [1ms]
[2022-06-22T15:10:01.030Z] fatal: ref HEAD is not a symbolic ref
[2022-06-22T15:10:01.040Z] > git rev-parse HEAD [1ms]
[2022-06-22T15:10:01.065Z] > git remote --verbose [9ms]
[2022-06-22T15:10:01.065Z] > git for-each-ref --sort -committerdate --format %(refname) %(objectname) %(*objectname) [15ms]
[2022-06-22T15:10:01.080Z] > git config --get commit.template [1ms]
[2022-06-22T15:10:01.857Z] > git ls-files --stage -- /home/mike/qmk_firmware/keyboards/ferris/keymaps/default/readme.md [6ms]
[2022-06-22T15:10:01.866Z] > git cat-file -s aa7ba6d13b67f68c52e42e72d8454dc0202ff6d5 [1ms]
[2022-06-22T15:10:01.888Z] > git show --textconv :keyboards/ferris/keymaps/default/readme.md [7ms]
[2022-06-22T15:10:19.678Z] > git check-ignore -v -z --stdin [9ms]
[2022-06-22T15:10:20.370Z] > git show --textconv :keyboards/ferris/sweep/config.h [8ms]
[2022-06-22T15:10:20.376Z] > git ls-files --stage -- /home/mike/qmk_firmware/keyboards/ferris/sweep/config.h [6ms]
[2022-06-22T15:10:20.382Z] > git cat-file -s 4d4d7d309f6bdb0b09d68a2dc91b425c9416a5e9 [1ms]
[2022-06-22T15:10:21.107Z] > git show --textconv :keyboards/ferris/sweep/readme.md [7ms]
[2022-06-22T15:10:21.111Z] > git ls-files --stage -- /home/mike/qmk_firmware/keyboards/ferris/sweep/readme.md [5ms]
[2022-06-22T15:10:21.118Z] > git cat-file -s 332ab2c790ae801957ee164b25cccffa67ed65d8 [1ms]
[2022-06-22T15:10:22.254Z] > git show --textconv :keyboards/ferris/sweep/rules.mk [6ms]
[2022-06-22T15:10:22.260Z] > git ls-files --stage -- /home/mike/qmk_firmware/keyboards/ferris/sweep/rules.mk [6ms]
[2022-06-22T15:10:22.267Z] > git cat-file -s ffc17739f70131c080939110ea26dc1a3cce4d3e [1ms]
[2022-06-22T15:10:22.961Z] > git show --textconv :keyboards/ferris/sweep/sweep.c [6ms]
[2022-06-22T15:10:22.967Z] > git ls-files --stage -- /home/mike/qmk_firmware/keyboards/ferris/sweep/sweep.c [5ms]
[2022-06-22T15:10:22.973Z] > git cat-file -s 98467f18ae4ad2de078b54358ad1a6ca2e865e61 [1ms]
[2022-06-22T15:10:23.629Z] > git show --textconv :keyboards/ferris/sweep/sweep.h [7ms]
[2022-06-22T15:10:23.635Z] > git ls-files --stage -- /home/mike/qmk_firmware/keyboards/ferris/sweep/sweep.h [6ms]
[2022-06-22T15:10:23.641Z] > git cat-file -s ebfa4ede1dab46629912aefe3e046ea01f796c8b [1ms]
[2022-06-22T15:10:25.690Z] > git show --textconv :keyboards/ferris/sweep/rules.mk [7ms]
[2022-06-22T15:10:25.695Z] > git ls-files --stage -- /home/mike/qmk_firmware/keyboards/ferris/sweep/rules.mk [6ms]
[2022-06-22T15:10:25.701Z] > git cat-file -s ffc17739f70131c080939110ea26dc1a3cce4d3e [1ms]
[2022-06-22T15:10:27.143Z] > git show --textconv :keyboards/ferris/sweep/readme.md [8ms]
[2022-06-22T15:10:27.149Z] > git ls-files --stage -- /home/mike/qmk_firmware/keyboards/ferris/sweep/readme.md [7ms]
[2022-06-22T15:10:27.156Z] > git cat-file -s 332ab2c790ae801957ee164b25cccffa67ed65d8 [1ms]
[2022-06-22T15:10:48.105Z] > git show --textconv :keyboards/ferris/sweep/readme.md [7ms]
[2022-06-22T15:10:48.111Z] > git ls-files --stage -- /home/mike/qmk_firmware/keyboards/ferris/sweep/readme.md [7ms]
[2022-06-22T15:10:48.118Z] > git cat-file -s 332ab2c790ae801957ee164b25cccffa67ed65d8 [1ms]
[2022-06-22T15:11:11.119Z] > git ls-files --stage -- /home/mike/qmk_firmware/keyboards/ferris/sweep/readme.md [6ms]
[2022-06-22T15:11:11.125Z] > git cat-file -s 332ab2c790ae801957ee164b25cccffa67ed65d8 [1ms]
[2022-06-22T15:11:11.140Z] > git show --textconv :keyboards/ferris/sweep/readme.md [6ms]
[2022-06-22T15:11:11.475Z] > git status -z -uall [222ms]
[2022-06-22T15:11:11.482Z] > git symbolic-ref --short HEAD [1ms]
[2022-06-22T15:11:11.489Z] > git for-each-ref --format=%(refname)%00%(upstream:short)%00%(objectname)%00%(upstream:track)%00%(upstream:remotename)%00%(upstream:remoteref) refs/heads/master refs/remotes/master [1ms]
[2022-06-22T15:11:11.502Z] > git remote --verbose [1ms]
[2022-06-22T15:11:11.514Z] > git for-each-ref --sort -committerdate --format %(refname) %(objectname) %(*objectname) [19ms]
[2022-06-22T15:11:11.545Z] > git config --get commit.template [1ms]
[2022-06-22T15:11:16.969Z] > git status -z -uall [210ms]
[2022-06-22T15:11:16.975Z] > git symbolic-ref --short HEAD [1ms]
[2022-06-22T15:11:16.985Z] > git for-each-ref --format=%(refname)%00%(upstream:short)%00%(objectname)%00%(upstream:track)%00%(upstream:remotename)%00%(upstream:remoteref) refs/heads/master refs/remotes/master [1ms]
[2022-06-22T15:11:16.995Z] > git remote --verbose [1ms]
[2022-06-22T15:11:17.007Z] > git for-each-ref --sort -committerdate --format %(refname) %(objectname) %(*objectname) [17ms]
[2022-06-22T15:11:17.019Z] > git config --get commit.template [1ms]
[2022-06-22T15:11:27.070Z] > git show --textconv :keyboards/1upkeyboards/sweet16/keymaps/default/keymap.c [7ms]
[2022-06-22T15:11:27.076Z] > git ls-files --stage -- /home/mike/qmk_firmware/keyboards/1upkeyboards/sweet16/keymaps/default/keymap.c [6ms]
[2022-06-22T15:11:27.082Z] > git cat-file -s 9ab912d7b586031fbf99341687f8a2d0c8de5923 [1ms]
[2022-06-22T15:12:33.722Z] > git status -z -uall [219ms]
[2022-06-22T15:12:33.729Z] > git symbolic-ref --short HEAD [1ms]
[2022-06-22T15:12:33.735Z] > git for-each-ref --format=%(refname)%00%(upstream:short)%00%(objectname)%00%(upstream:track)%00%(upstream:remotename)%00%(upstream:remoteref) refs/heads/master refs/remotes/master [1ms]
[2022-06-22T15:12:33.746Z] > git remote --verbose [1ms]
[2022-06-22T15:12:33.759Z] > git for-each-ref --sort -committerdate --format %(refname) %(objectname) %(*objectname) [18ms]
[2022-06-22T15:12:33.772Z] > git config --get commit.template [1ms]
[2022-06-22T15:12:39.306Z] > git check-ignore -v -z --stdin [12ms]
[2022-06-22T15:12:46.018Z] > git show --textconv HEAD:keyboards/ferris/keymaps/huytd2k/keymap.json [10ms]
[2022-06-22T15:12:46.020Z] > git ls-tree -l HEAD -- /home/mike/qmk_firmware/keyboards/ferris/keymaps/huytd2k/keymap.json [5ms]
[2022-06-22T15:12:46.539Z] > git check-ignore -v -z --stdin [13ms]
[2022-06-22T15:12:51.008Z] > git show --textconv :keyboards/ferris/keymaps/huytd2k/keymap.json [8ms]
[2022-06-22T15:12:51.014Z] > git ls-files --stage -- /home/mike/qmk_firmware/keyboards/ferris/keymaps/huytd2k/keymap.json [6ms]
[2022-06-22T15:12:59.724Z] > git fetch [833ms]
[2022-06-22T15:12:59.758Z] > git status -z -uall [28ms]
[2022-06-22T15:12:59.765Z] > git symbolic-ref --short HEAD [1ms]
[2022-06-22T15:12:59.765Z] fatal: ref HEAD is not a symbolic ref
[2022-06-22T15:12:59.772Z] > git rev-parse HEAD [1ms]
[2022-06-22T15:12:59.784Z] > git for-each-ref --sort -committerdate --format %(refname) %(objectname) %(*objectname) [7ms]
[2022-06-22T15:12:59.784Z] > git fetch [886ms]
[2022-06-22T15:12:59.790Z] > git remote --verbose [7ms]
[2022-06-22T15:12:59.797Z] > git config --get commit.template [0ms]
[2022-06-22T15:12:59.807Z] > git status -z -uall [18ms]
[2022-06-22T15:12:59.813Z] > git symbolic-ref --short HEAD [1ms]
[2022-06-22T15:12:59.813Z] fatal: ref HEAD is not a symbolic ref
[2022-06-22T15:12:59.819Z] > git rev-parse HEAD [1ms]
[2022-06-22T15:12:59.829Z] > git for-each-ref --sort -committerdate --format %(refname) %(objectname) %(*objectname) [5ms]
[2022-06-22T15:12:59.830Z] > git remote --verbose [2ms]
[2022-06-22T15:12:59.837Z] > git config --get commit.template [1ms]
[2022-06-22T15:12:59.840Z] > git fetch [795ms]
[2022-06-22T15:12:59.851Z] > git status -z -uall [6ms]
[2022-06-22T15:12:59.857Z] > git symbolic-ref --short HEAD [1ms]
[2022-06-22T15:12:59.857Z] fatal: ref HEAD is not a symbolic ref
[2022-06-22T15:12:59.862Z] > git rev-parse HEAD [0ms]
[2022-06-22T15:12:59.872Z] > git for-each-ref --sort -committerdate --format %(refname) %(objectname) %(*objectname) [5ms]
[2022-06-22T15:12:59.873Z] > git remote --verbose [1ms]
[2022-06-22T15:12:59.879Z] > git fetch [791ms]
[2022-06-22T15:12:59.884Z] > git config --get commit.template [5ms]
[2022-06-22T15:12:59.885Z] > git status -z -uall [1ms]
[2022-06-22T15:12:59.891Z] > git symbolic-ref --short HEAD [0ms]
[2022-06-22T15:12:59.891Z] fatal: ref HEAD is not a symbolic ref
[2022-06-22T15:12:59.897Z] > git rev-parse HEAD [1ms]
[2022-06-22T15:12:59.906Z] > git for-each-ref --sort -committerdate --format %(refname) %(objectname) %(*objectname) [4ms]
[2022-06-22T15:12:59.907Z] > git remote --verbose [1ms]
[2022-06-22T15:12:59.913Z] > git config --get commit.template [1ms]
[2022-06-22T15:13:00.062Z] > git fetch [1009ms]
[2022-06-22T15:13:00.071Z] > git status -z -uall [2ms]
[2022-06-22T15:13:00.078Z] > git symbolic-ref --short HEAD [1ms]
[2022-06-22T15:13:00.078Z] fatal: ref HEAD is not a symbolic ref
[2022-06-22T15:13:00.085Z] > git rev-parse HEAD [1ms]
[2022-06-22T15:13:00.095Z] > git for-each-ref --sort -committerdate --format %(refname) %(objectname) %(*objectname) [6ms]
[2022-06-22T15:13:00.095Z] > git remote --verbose [1ms]
[2022-06-22T15:13:00.101Z] > git config --get commit.template [0ms]
[2022-06-22T15:13:00.391Z] > git fetch [996ms]
[2022-06-22T15:13:00.449Z] > git fetch [800ms]
[2022-06-22T15:13:00.457Z] > git status -z -uall [3ms]
[2022-06-22T15:13:00.463Z] > git symbolic-ref --short HEAD [1ms]
[2022-06-22T15:13:00.463Z] fatal: ref HEAD is not a symbolic ref
[2022-06-22T15:13:00.469Z] > git rev-parse HEAD [0ms]
[2022-06-22T15:13:00.481Z] > git for-each-ref --sort -committerdate --format %(refname) %(objectname) %(*objectname) [6ms]
[2022-06-22T15:13:00.481Z] > git remote --verbose [1ms]
[2022-06-22T15:13:00.489Z] > git config --get commit.template [1ms]
[2022-06-22T15:13:00.610Z] > git status -z -uall [214ms]
[2022-06-22T15:13:00.617Z] > git symbolic-ref --short HEAD [1ms]
[2022-06-22T15:13:00.623Z] > git for-each-ref --format=%(refname)%00%(upstream:short)%00%(objectname)%00%(upstream:track)%00%(upstream:remotename)%00%(upstream:remoteref) refs/heads/master refs/remotes/master [1ms]
[2022-06-22T15:13:00.633Z] > git remote --verbose [1ms]
[2022-06-22T15:13:00.645Z] > git for-each-ref --sort -committerdate --format %(refname) %(objectname) %(*objectname) [17ms]
[2022-06-22T15:13:00.657Z] > git config --get commit.template [1ms]
[2022-06-22T15:13:00.944Z] > git status -z -uall [9ms]
[2022-06-22T15:13:00.951Z] > git status -z -uall [9ms]
[2022-06-22T15:13:00.958Z] > git symbolic-ref --short HEAD [7ms]
[2022-06-22T15:13:00.959Z] fatal: ref HEAD is not a symbolic ref
[2022-06-22T15:13:00.965Z] > git rev-parse HEAD [1ms]
[2022-06-22T15:13:00.977Z] > git symbolic-ref --short HEAD [19ms]
[2022-06-22T15:13:00.977Z] fatal: ref HEAD is not a symbolic ref
[2022-06-22T15:13:00.982Z] > git remote --verbose [6ms]
[2022-06-22T15:13:00.982Z] > git for-each-ref --sort -committerdate --format %(refname) %(objectname) %(*objectname) [11ms]
[2022-06-22T15:13:00.989Z] > git rev-parse HEAD [8ms]
[2022-06-22T15:13:00.998Z] > git for-each-ref --sort -committerdate --format %(refname) %(objectname) %(*objectname) [5ms]
[2022-06-22T15:13:00.999Z] > git config --get commit.template [11ms]
[2022-06-22T15:13:00.999Z] > git remote --verbose [1ms]
[2022-06-22T15:13:01.006Z] > git config --get commit.template [1ms]
[2022-06-22T15:13:01.123Z] > git status -z -uall [2ms]
[2022-06-22T15:13:01.129Z] > git symbolic-ref --short HEAD [1ms]
[2022-06-22T15:13:01.129Z] fatal: ref HEAD is not a symbolic ref
[2022-06-22T15:13:01.134Z] > git rev-parse HEAD [0ms]
[2022-06-22T15:13:01.145Z] > git for-each-ref --sort -committerdate --format %(refname) %(objectname) %(*objectname) [5ms]
[2022-06-22T15:13:01.145Z] > git remote --verbose [1ms]
[2022-06-22T15:13:01.152Z] > git fetch [798ms]
[2022-06-22T15:13:01.158Z] > git config --get commit.template [6ms]
[2022-06-22T15:13:01.178Z] > git status -z -uall [21ms]
[2022-06-22T15:13:01.184Z] > git symbolic-ref --short HEAD [1ms]
[2022-06-22T15:13:01.184Z] fatal: ref HEAD is not a symbolic ref
[2022-06-22T15:13:01.190Z] > git rev-parse HEAD [0ms]
[2022-06-22T15:13:01.202Z] > git for-each-ref --sort -committerdate --format %(refname) %(objectname) %(*objectname) [7ms]
[2022-06-22T15:13:01.203Z] > git remote --verbose [2ms]
[2022-06-22T15:13:01.209Z] > git config --get commit.template [1ms]
[2022-06-22T15:13:01.512Z] > git status -z -uall [2ms]
[2022-06-22T15:13:01.519Z] > git symbolic-ref --short HEAD [1ms]
[2022-06-22T15:13:01.519Z] fatal: ref HEAD is not a symbolic ref
[2022-06-22T15:13:01.527Z] > git rev-parse HEAD [1ms]
[2022-06-22T15:13:01.539Z] > git for-each-ref --sort -committerdate --format %(refname) %(objectname) %(*objectname) [7ms]
[2022-06-22T15:13:01.540Z] > git remote --verbose [1ms]
[2022-06-22T15:13:01.546Z] > git config --get commit.template [0ms]
[2022-06-22T15:13:02.326Z] > git ls-tree -l HEAD -- /home/mike/qmk_firmware/keyboards/ferris/keymaps/huytd2k/keymap.json [7ms]
[2022-06-22T15:13:02.337Z] > git ls-files --stage -- /home/mike/qmk_firmware/keyboards/ferris/keymaps/huytd2k/keymap.json [11ms]
[2022-06-22T15:13:02.338Z] > git show --textconv HEAD:keyboards/ferris/keymaps/huytd2k/keymap.json [2ms]
[2022-06-22T15:13:02.350Z] > git show --textconv :keyboards/ferris/keymaps/huytd2k/keymap.json [5ms]
[2022-06-22T15:13:03.547Z] > git status -z -uall [220ms]
[2022-06-22T15:13:03.554Z] > git symbolic-ref --short HEAD [1ms]
[2022-06-22T15:13:03.560Z] > git for-each-ref --format=%(refname)%00%(upstream:short)%00%(objectname)%00%(upstream:track)%00%(upstream:remotename)%00%(upstream:remoteref) refs/heads/master refs/remotes/master [1ms]
[2022-06-22T15:13:03.571Z] > git remote --verbose [0ms]
[2022-06-22T15:13:03.583Z] > git for-each-ref --sort -committerdate --format %(refname) %(objectname) %(*objectname) [18ms]
[2022-06-22T15:13:03.596Z] > git config --get commit.template [1ms]
[2022-06-22T15:15:33.368Z] > git status -z -uall [225ms]
[2022-06-22T15:15:33.374Z] > git symbolic-ref --short HEAD [1ms]
[2022-06-22T15:15:33.380Z] > git for-each-ref --format=%(refname)%00%(upstream:short)%00%(objectname)%00%(upstream:track)%00%(upstream:remotename)%00%(upstream:remoteref) refs/heads/master refs/remotes/master [1ms]
[2022-06-22T15:15:33.392Z] > git remote --verbose [1ms]
[2022-06-22T15:15:33.403Z] > git for-each-ref --sort -committerdate --format %(refname) %(objectname) %(*objectname) [18ms]
[2022-06-22T15:15:33.415Z] > git config --get commit.template [0ms]
[2022-06-22T15:15:55.129Z] > git status -z -uall [223ms]
[2022-06-22T15:15:55.136Z] > git symbolic-ref --short HEAD [1ms]
[2022-06-22T15:15:55.143Z] > git for-each-ref --format=%(refname)%00%(upstream:short)%00%(objectname)%00%(upstream:track)%00%(upstream:remotename)%00%(upstream:remoteref) refs/heads/master refs/remotes/master [1ms]
[2022-06-22T15:15:55.154Z] > git remote --verbose [1ms]
[2022-06-22T15:15:55.166Z] > git for-each-ref --sort -committerdate --format %(refname) %(objectname) %(*objectname) [18ms]
[2022-06-22T15:15:55.178Z] > git config --get commit.template [1ms]
[2022-06-22T15:16:00.704Z] > git fetch [814ms]
[2022-06-22T15:16:00.710Z] > git fetch [867ms]
[2022-06-22T15:16:00.717Z] > git status -z -uall [7ms]
[2022-06-22T15:16:00.725Z] > git symbolic-ref --short HEAD [1ms]
[2022-06-22T15:16:00.725Z] fatal: ref HEAD is not a symbolic ref
[2022-06-22T15:16:00.731Z] > git rev-parse HEAD [1ms]
[2022-06-22T15:16:00.743Z] > git status -z -uall [27ms]
[2022-06-22T15:16:00.748Z] > git for-each-ref --sort -committerdate --format %(refname) %(objectname) %(*objectname) [11ms]
[2022-06-22T15:16:00.748Z] > git fetch [829ms]
[2022-06-22T15:16:00.753Z] > git symbolic-ref --short HEAD [6ms]
[2022-06-22T15:16:00.753Z] fatal: ref HEAD is not a symbolic ref
[2022-06-22T15:16:00.759Z] > git remote --verbose [17ms]
[2022-06-22T15:16:00.765Z] > git status -z -uall [13ms]
[2022-06-22T15:16:00.769Z] > git rev-parse HEAD [10ms]
[2022-06-22T15:16:00.780Z] > git for-each-ref --sort -committerdate --format %(refname) %(objectname) %(*objectname) [6ms]
[2022-06-22T15:16:00.781Z] > git symbolic-ref --short HEAD [12ms]
[2022-06-22T15:16:00.781Z] fatal: ref HEAD is not a symbolic ref
[2022-06-22T15:16:00.786Z] > git config --get commit.template [22ms]
[2022-06-22T15:16:00.787Z] > git rev-parse HEAD [1ms]
[2022-06-22T15:16:00.797Z] > git remote --verbose [18ms]
[2022-06-22T15:16:00.804Z] > git remote --verbose [7ms]
[2022-06-22T15:16:00.804Z] > git for-each-ref --sort -committerdate --format %(refname) %(objectname) %(*objectname) [12ms]
[2022-06-22T15:16:00.810Z] > git config --get commit.template [6ms]
[2022-06-22T15:16:00.811Z] > git config --get commit.template [1ms]
[2022-06-22T15:16:01.308Z] > git fetch [814ms]
[2022-06-22T15:16:01.317Z] > git status -z -uall [3ms]
[2022-06-22T15:16:01.324Z] > git symbolic-ref --short HEAD [1ms]
[2022-06-22T15:16:01.324Z] fatal: ref HEAD is not a symbolic ref
[2022-06-22T15:16:01.330Z] > git rev-parse HEAD [1ms]
[2022-06-22T15:16:01.340Z] > git for-each-ref --sort -committerdate --format %(refname) %(objectname) %(*objectname) [5ms]
[2022-06-22T15:16:01.340Z] > git remote --verbose [1ms]
[2022-06-22T15:16:01.346Z] > git config --get commit.template [1ms]
[2022-06-22T15:16:01.398Z] > git fetch [1291ms]
[2022-06-22T15:16:01.406Z] > git status -z -uall [2ms]
[2022-06-22T15:16:01.413Z] > git symbolic-ref --short HEAD [1ms]
[2022-06-22T15:16:01.413Z] fatal: ref HEAD is not a symbolic ref
[2022-06-22T15:16:01.420Z] > git rev-parse HEAD [1ms]
[2022-06-22T15:16:01.431Z] > git for-each-ref --sort -committerdate --format %(refname) %(objectname) %(*objectname) [6ms]
[2022-06-22T15:16:01.431Z] > git remote --verbose [1ms]
[2022-06-22T15:16:01.439Z] > git config --get commit.template [1ms]
[2022-06-22T15:16:01.680Z] > git fetch [1870ms]
[2022-06-22T15:16:01.719Z] > git status -z -uall [34ms]
[2022-06-22T15:16:01.725Z] > git symbolic-ref --short HEAD [1ms]
[2022-06-22T15:16:01.725Z] fatal: ref HEAD is not a symbolic ref
[2022-06-22T15:16:01.731Z] > git rev-parse HEAD [1ms]
[2022-06-22T15:16:01.742Z] > git for-each-ref --sort -committerdate --format %(refname) %(objectname) %(*objectname) [6ms]
[2022-06-22T15:16:01.742Z] > git remote --verbose [1ms]
[2022-06-22T15:16:01.749Z] > git config --get commit.template [0ms]
[2022-06-22T15:16:01.815Z] > git status -z -uall [8ms]
[2022-06-22T15:16:01.823Z] > git symbolic-ref --short HEAD [1ms]
[2022-06-22T15:16:01.823Z] fatal: ref HEAD is not a symbolic ref
[2022-06-22T15:16:01.829Z] > git rev-parse HEAD [1ms]
[2022-06-22T15:16:01.840Z] > git for-each-ref --sort -committerdate --format %(refname) %(objectname) %(*objectname) [7ms]
[2022-06-22T15:16:01.840Z] > git remote --verbose [1ms]
[2022-06-22T15:16:01.846Z] > git config --get commit.template [1ms]
[2022-06-22T15:16:02.255Z] > git fetch [1039ms]
[2022-06-22T15:16:02.281Z] > git status -z -uall [20ms]
[2022-06-22T15:16:02.287Z] > git symbolic-ref --short HEAD [1ms]
[2022-06-22T15:16:02.287Z] fatal: ref HEAD is not a symbolic ref
[2022-06-22T15:16:02.293Z] > git rev-parse HEAD [1ms]
[2022-06-22T15:16:02.303Z] > git for-each-ref --sort -committerdate --format %(refname) %(objectname) %(*objectname) [6ms]
[2022-06-22T15:16:02.304Z] > git remote --verbose [2ms]
[2022-06-22T15:16:02.310Z] > git config --get commit.template [1ms]
[2022-06-22T15:16:02.367Z] > git status -z -uall [3ms]
[2022-06-22T15:16:02.375Z] > git symbolic-ref --short HEAD [1ms]
[2022-06-22T15:16:02.375Z] fatal: ref HEAD is not a symbolic ref
[2022-06-22T15:16:02.381Z] > git rev-parse HEAD [1ms]
[2022-06-22T15:16:02.392Z] > git for-each-ref --sort -committerdate --format %(refname) %(objectname) %(*objectname) [5ms]
[2022-06-22T15:16:02.393Z] > git remote --verbose [1ms]
[2022-06-22T15:16:02.398Z] > git config --get commit.template [0ms]
[2022-06-22T15:16:02.457Z] > git status -z -uall [1ms]
[2022-06-22T15:16:02.463Z] > git symbolic-ref --short HEAD [1ms]
[2022-06-22T15:16:02.463Z] fatal: ref HEAD is not a symbolic ref
[2022-06-22T15:16:02.468Z] > git rev-parse HEAD [0ms]
[2022-06-22T15:16:02.479Z] > git for-each-ref --sort -committerdate --format %(refname) %(objectname) %(*objectname) [5ms]
[2022-06-22T15:16:02.479Z] > git remote --verbose [1ms]
[2022-06-22T15:16:02.485Z] > git config --get commit.template [1ms]
[2022-06-22T15:16:02.696Z] > git fetch [2033ms]
[2022-06-22T15:16:02.920Z] > git status -z -uall [217ms]
[2022-06-22T15:16:02.927Z] > git symbolic-ref --short HEAD [1ms]
[2022-06-22T15:16:02.933Z] > git for-each-ref --format=%(refname)%00%(upstream:short)%00%(objectname)%00%(upstream:track)%00%(upstream:remotename)%00%(upstream:remoteref) refs/heads/master refs/remotes/master [1ms]
[2022-06-22T15:16:02.943Z] > git remote --verbose [1ms]
[2022-06-22T15:16:02.955Z] > git for-each-ref --sort -committerdate --format %(refname) %(objectname) %(*objectname) [17ms]
[2022-06-22T15:16:02.967Z] > git config --get commit.template [0ms]
[2022-06-22T15:16:03.872Z] > git ls-tree -l HEAD -- /home/mike/qmk_firmware/keyboards/ferris/keymaps/huytd2k/keymap.json [9ms]
[2022-06-22T15:16:03.883Z] > git ls-files --stage -- /home/mike/qmk_firmware/keyboards/ferris/keymaps/huytd2k/keymap.json [11ms]
[2022-06-22T15:16:03.884Z] > git show --textconv HEAD:keyboards/ferris/keymaps/huytd2k/keymap.json [2ms]
[2022-06-22T15:16:03.901Z] > git show --textconv :keyboards/ferris/keymaps/huytd2k/keymap.json [8ms]
[2022-06-22T15:17:43.925Z] > git status -z -uall [235ms]
[2022-06-22T15:17:43.932Z] > git symbolic-ref --short HEAD [1ms]
[2022-06-22T15:17:43.939Z] > git for-each-ref --format=%(refname)%00%(upstream:short)%00%(objectname)%00%(upstream:track)%00%(upstream:remotename)%00%(upstream:remoteref) refs/heads/master refs/remotes/master [2ms]
[2022-06-22T15:17:43.950Z] > git remote --verbose [1ms]
[2022-06-22T15:17:43.963Z] > git for-each-ref --sort -committerdate --format %(refname) %(objectname) %(*objectname) [19ms]
[2022-06-22T15:17:43.975Z] > git config --get commit.template [0ms]
[2022-06-22T15:19:01.593Z] > git fetch [796ms]
[2022-06-22T15:19:01.605Z] > git status -z -uall [6ms]
[2022-06-22T15:19:01.610Z] > git symbolic-ref --short HEAD [0ms]
[2022-06-22T15:19:01.610Z] fatal: ref HEAD is not a symbolic ref
[2022-06-22T15:19:01.617Z] > git rev-parse HEAD [1ms]
[2022-06-22T15:19:01.629Z] > git for-each-ref --sort -committerdate --format %(refname) %(objectname) %(*objectname) [6ms]
[2022-06-22T15:19:01.629Z] > git remote --verbose [1ms]
[2022-06-22T15:19:01.635Z] > git config --get commit.template [0ms]
[2022-06-22T15:19:01.655Z] > git fetch [833ms]
[2022-06-22T15:19:01.661Z] > git status -z -uall [2ms]
[2022-06-22T15:19:01.666Z] > git symbolic-ref --short HEAD [1ms]
[2022-06-22T15:19:01.666Z] fatal: ref HEAD is not a symbolic ref
[2022-06-22T15:19:01.672Z] > git rev-parse HEAD [1ms]
[2022-06-22T15:19:01.681Z] > git for-each-ref --sort -committerdate --format %(refname) %(objectname) %(*objectname) [5ms]
[2022-06-22T15:19:01.682Z] > git remote --verbose [1ms]
[2022-06-22T15:19:01.688Z] > git config --get commit.template [1ms]
[2022-06-22T15:19:01.722Z] > git fetch [906ms]
[2022-06-22T15:19:01.744Z] > git status -z -uall [17ms]
[2022-06-22T15:19:01.755Z] > git symbolic-ref --short HEAD [6ms]
[2022-06-22T15:19:01.755Z] fatal: ref HEAD is not a symbolic ref
[2022-06-22T15:19:01.761Z] > git rev-parse HEAD [1ms]
[2022-06-22T15:19:01.772Z] > git for-each-ref --sort -committerdate --format %(refname) %(objectname) %(*objectname) [6ms]
[2022-06-22T15:19:01.774Z] > git remote --verbose [3ms]
[2022-06-22T15:19:01.780Z] > git config --get commit.template [1ms]
[2022-06-22T15:19:02.181Z] > git fetch [828ms]
[2022-06-22T15:19:02.188Z] > git status -z -uall [2ms]
[2022-06-22T15:19:02.194Z] > git symbolic-ref --short HEAD [1ms]
[2022-06-22T15:19:02.194Z] fatal: ref HEAD is not a symbolic ref
[2022-06-22T15:19:02.200Z] > git rev-parse HEAD [1ms]
[2022-06-22T15:19:02.211Z] > git for-each-ref --sort -committerdate --format %(refname) %(objectname) %(*objectname) [6ms]
[2022-06-22T15:19:02.211Z] > git remote --verbose [1ms]
[2022-06-22T15:19:02.217Z] > git config --get commit.template [1ms]
[2022-06-22T15:19:02.276Z] > git fetch [829ms]
[2022-06-22T15:19:02.283Z] > git status -z -uall [2ms]
[2022-06-22T15:19:02.289Z] > git symbolic-ref --short HEAD [1ms]
[2022-06-22T15:19:02.289Z] fatal: ref HEAD is not a symbolic ref
[2022-06-22T15:19:02.295Z] > git rev-parse HEAD [1ms]
[2022-06-22T15:19:02.305Z] > git for-each-ref --sort -committerdate --format %(refname) %(objectname) %(*objectname) [6ms]
[2022-06-22T15:19:02.305Z] > git remote --verbose [1ms]
[2022-06-22T15:19:02.316Z] > git config --get commit.template [6ms]
[2022-06-22T15:19:02.612Z] > git fetch [858ms]
[2022-06-22T15:19:02.650Z] > git status -z -uall [33ms]
[2022-06-22T15:19:02.657Z] > git status -z -uall [7ms]
[2022-06-22T15:19:02.663Z] > git symbolic-ref --short HEAD [7ms]
[2022-06-22T15:19:02.663Z] fatal: ref HEAD is not a symbolic ref
[2022-06-22T15:19:02.670Z] > git symbolic-ref --short HEAD [7ms]
[2022-06-22T15:19:02.670Z] fatal: ref HEAD is not a symbolic ref
[2022-06-22T15:19:02.677Z] > git rev-parse HEAD [8ms]
[2022-06-22T15:19:02.687Z] > git for-each-ref --sort -committerdate --format %(refname) %(objectname) %(*objectname) [6ms]
[2022-06-22T15:19:02.687Z] > git rev-parse HEAD [11ms]
[2022-06-22T15:19:02.699Z] > git for-each-ref --sort -committerdate --format %(refname) %(objectname) %(*objectname) [6ms]
[2022-06-22T15:19:02.699Z] > git remote --verbose [13ms]
[2022-06-22T15:19:02.699Z] > git remote --verbose [1ms]
[2022-06-22T15:19:02.718Z] > git status -z -uall [5ms]
[2022-06-22T15:19:02.725Z] > git config --get commit.template [19ms]
[2022-06-22T15:19:02.725Z] > git symbolic-ref --short HEAD [1ms]
[2022-06-22T15:19:02.725Z] fatal: ref HEAD is not a symbolic ref
[2022-06-22T15:19:02.730Z] > git config --get commit.template [12ms]
[2022-06-22T15:19:02.731Z] > git rev-parse HEAD [1ms]
[2022-06-22T15:19:02.742Z] > git for-each-ref --sort -committerdate --format %(refname) %(objectname) %(*objectname) [6ms]
[2022-06-22T15:19:02.742Z] > git remote --verbose [1ms]
[2022-06-22T15:19:02.748Z] > git config --get commit.template [1ms]
[2022-06-22T15:19:02.830Z] > git status -z -uall [17ms]
[2022-06-22T15:19:02.836Z] > git symbolic-ref --short HEAD [0ms]
[2022-06-22T15:19:02.836Z] fatal: ref HEAD is not a symbolic ref
[2022-06-22T15:19:02.843Z] > git rev-parse HEAD [1ms]
[2022-06-22T15:19:02.853Z] > git for-each-ref --sort -committerdate --format %(refname) %(objectname) %(*objectname) [6ms]
[2022-06-22T15:19:02.855Z] > git remote --verbose [3ms]
[2022-06-22T15:19:02.861Z] > git config --get commit.template [1ms]
[2022-06-22T15:19:03.115Z] > git fetch [800ms]
[2022-06-22T15:19:03.142Z] > git status -z -uall [21ms]
[2022-06-22T15:19:03.149Z] > git symbolic-ref --short HEAD [1ms]
[2022-06-22T15:19:03.149Z] fatal: ref HEAD is not a symbolic ref
[2022-06-22T15:19:03.155Z] > git rev-parse HEAD [1ms]
[2022-06-22T15:19:03.166Z] > git for-each-ref --sort -committerdate --format %(refname) %(objectname) %(*objectname) [6ms]
[2022-06-22T15:19:03.166Z] > git remote --verbose [1ms]
[2022-06-22T15:19:03.174Z] > git config --get commit.template [1ms]
[2022-06-22T15:19:03.241Z] > git status -z -uall [2ms]
[2022-06-22T15:19:03.247Z] > git symbolic-ref --short HEAD [1ms]
[2022-06-22T15:19:03.247Z] fatal: ref HEAD is not a symbolic ref
[2022-06-22T15:19:03.252Z] > git rev-parse HEAD [1ms]
[2022-06-22T15:19:03.264Z] > git for-each-ref --sort -committerdate --format %(refname) %(objectname) %(*objectname) [6ms]
[2022-06-22T15:19:03.265Z] > git remote --verbose [1ms]
[2022-06-22T15:19:03.272Z] > git config --get commit.template [1ms]
[2022-06-22T15:19:03.377Z] > git status -z -uall [2ms]
[2022-06-22T15:19:03.383Z] > git symbolic-ref --short HEAD [1ms]
[2022-06-22T15:19:03.383Z] fatal: ref HEAD is not a symbolic ref
[2022-06-22T15:19:03.389Z] > git rev-parse HEAD [1ms]
[2022-06-22T15:19:03.399Z] > git for-each-ref --sort -committerdate --format %(refname) %(objectname) %(*objectname) [5ms]
[2022-06-22T15:19:03.400Z] > git remote --verbose [1ms]
[2022-06-22T15:19:03.407Z] > git config --get commit.template [1ms]
[2022-06-22T15:19:04.072Z] > git fetch [1092ms]
[2022-06-22T15:19:04.285Z] > git status -z -uall [207ms]
[2022-06-22T15:19:04.291Z] > git symbolic-ref --short HEAD [1ms]
[2022-06-22T15:19:04.297Z] > git for-each-ref --format=%(refname)%00%(upstream:short)%00%(objectname)%00%(upstream:track)%00%(upstream:remotename)%00%(upstream:remoteref) refs/heads/master refs/remotes/master [1ms]
[2022-06-22T15:19:04.308Z] > git remote --verbose [1ms]
[2022-06-22T15:19:04.321Z] > git for-each-ref --sort -committerdate --format %(refname) %(objectname) %(*objectname) [19ms]
[2022-06-22T15:19:04.333Z] > git config --get commit.template [1ms]
[2022-06-22T15:19:05.240Z] > git ls-tree -l HEAD -- /home/mike/qmk_firmware/keyboards/ferris/keymaps/huytd2k/keymap.json [6ms]
[2022-06-22T15:19:05.250Z] > git ls-files --stage -- /home/mike/qmk_firmware/keyboards/ferris/keymaps/huytd2k/keymap.json [10ms]
[2022-06-22T15:19:05.251Z] > git show --textconv HEAD:keyboards/ferris/keymaps/huytd2k/keymap.json [1ms]
[2022-06-22T15:19:05.264Z] > git show --textconv :keyboards/ferris/keymaps/huytd2k/keymap.json [6ms]
[2022-06-22T15:19:06.461Z] > git status -z -uall [227ms]
[2022-06-22T15:19:06.468Z] > git symbolic-ref --short HEAD [1ms]
[2022-06-22T15:19:06.475Z] > git for-each-ref --format=%(refname)%00%(upstream:short)%00%(objectname)%00%(upstream:track)%00%(upstream:remotename)%00%(upstream:remoteref) refs/heads/master refs/remotes/master [1ms]
[2022-06-22T15:19:06.486Z] > git remote --verbose [1ms]
[2022-06-22T15:19:06.498Z] > git for-each-ref --sort -committerdate --format %(refname) %(objectname) %(*objectname) [18ms]
[2022-06-22T15:19:06.510Z] > git config --get commit.template [0ms]
[2022-06-22T15:19:15.496Z] > git status -z -uall [223ms]
[2022-06-22T15:19:15.503Z] > git symbolic-ref --short HEAD [1ms]
[2022-06-22T15:19:15.510Z] > git for-each-ref --format=%(refname)%00%(upstream:short)%00%(objectname)%00%(upstream:track)%00%(upstream:remotename)%00%(upstream:remoteref) refs/heads/master refs/remotes/master [1ms]
[2022-06-22T15:19:15.520Z] > git remote --verbose [0ms]
[2022-06-22T15:19:15.532Z] > git for-each-ref --sort -committerdate --format %(refname) %(objectname) %(*objectname) [17ms]
[2022-06-22T15:19:15.544Z] > git config --get commit.template [1ms]
[2022-06-22T15:21:26.034Z] > git status -z -uall [222ms]
[2022-06-22T15:21:26.041Z] > git symbolic-ref --short HEAD [1ms]
[2022-06-22T15:21:26.048Z] > git for-each-ref --format=%(refname)%00%(upstream:short)%00%(objectname)%00%(upstream:track)%00%(upstream:remotename)%00%(upstream:remoteref) refs/heads/master refs/remotes/master [1ms]
[2022-06-22T15:21:26.059Z] > git remote --verbose [0ms]
[2022-06-22T15:21:26.071Z] > git for-each-ref --sort -committerdate --format %(refname) %(objectname) %(*objectname) [18ms]
[2022-06-22T15:21:26.083Z] > git config --get commit.template [1ms]
[2022-06-22T15:22:09.428Z] > git fetch [806ms]
[2022-06-22T15:22:09.444Z] > git status -z -uall [9ms]
[2022-06-22T15:22:09.450Z] > git symbolic-ref --short HEAD [1ms]
[2022-06-22T15:22:09.450Z] fatal: ref HEAD is not a symbolic ref
[2022-06-22T15:22:09.456Z] > git rev-parse HEAD [1ms]
[2022-06-22T15:22:09.465Z] > git for-each-ref --sort -committerdate --format %(refname) %(objectname) %(*objectname) [5ms]
[2022-06-22T15:22:09.466Z] > git remote --verbose [1ms]
[2022-06-22T15:22:09.473Z] > git config --get commit.template [1ms]
[2022-06-22T15:22:09.473Z] > git fetch [816ms]
[2022-06-22T15:22:09.479Z] > git status -z -uall [1ms]
[2022-06-22T15:22:09.485Z] > git symbolic-ref --short HEAD [1ms]
[2022-06-22T15:22:09.485Z] fatal: ref HEAD is not a symbolic ref
[2022-06-22T15:22:09.491Z] > git rev-parse HEAD [1ms]
[2022-06-22T15:22:09.501Z] > git for-each-ref --sort -committerdate --format %(refname) %(objectname) %(*objectname) [6ms]
[2022-06-22T15:22:09.501Z] > git remote --verbose [1ms]
[2022-06-22T15:22:09.508Z] > git fetch [813ms]
[2022-06-22T15:22:09.513Z] > git config --get commit.template [6ms]
[2022-06-22T15:22:09.515Z] > git status -z -uall [2ms]
[2022-06-22T15:22:09.520Z] > git symbolic-ref --short HEAD [0ms]
[2022-06-22T15:22:09.520Z] fatal: ref HEAD is not a symbolic ref
[2022-06-22T15:22:09.527Z] > git rev-parse HEAD [1ms]
[2022-06-22T15:22:09.540Z] > git for-each-ref --sort -committerdate --format %(refname) %(objectname) %(*objectname) [7ms]
[2022-06-22T15:22:09.540Z] > git fetch [835ms]
[2022-06-22T15:22:09.546Z] > git remote --verbose [7ms]
[2022-06-22T15:22:09.553Z] > git status -z -uall [7ms]
[2022-06-22T15:22:09.560Z] > git config --get commit.template [7ms]
[2022-06-22T15:22:09.561Z] > git fetch [843ms]
[2022-06-22T15:22:09.567Z] > git symbolic-ref --short HEAD [7ms]
[2022-06-22T15:22:09.567Z] fatal: ref HEAD is not a symbolic ref
[2022-06-22T15:22:09.574Z] > git fetch [895ms]
[2022-06-22T15:22:09.580Z] > git rev-parse HEAD [7ms]
[2022-06-22T15:22:09.594Z] > git status -z -uall [27ms]
[2022-06-22T15:22:09.600Z] > git for-each-ref --sort -committerdate --format %(refname) %(objectname) %(*objectname) [12ms]
[2022-06-22T15:22:09.601Z] > git status -z -uall [22ms]
[2022-06-22T15:22:09.606Z] > git symbolic-ref --short HEAD [6ms]
[2022-06-22T15:22:09.606Z] fatal: ref HEAD is not a symbolic ref
[2022-06-22T15:22:09.611Z] > git remote --verbose [17ms]
[2022-06-22T15:22:09.619Z] > git rev-parse HEAD [8ms]
[2022-06-22T15:22:09.629Z] > git symbolic-ref --short HEAD [23ms]
[2022-06-22T15:22:09.629Z] fatal: ref HEAD is not a symbolic ref
[2022-06-22T15:22:09.637Z] > git remote --verbose [8ms]
[2022-06-22T15:22:09.637Z] > git for-each-ref --sort -committerdate --format %(refname) %(objectname) %(*objectname) [13ms]
[2022-06-22T15:22:09.638Z] > git config --get commit.template [20ms]
[2022-06-22T15:22:09.645Z] > git rev-parse HEAD [10ms]
[2022-06-22T15:22:09.657Z] > git for-each-ref --sort -committerdate --format %(refname) %(objectname) %(*objectname) [7ms]
[2022-06-22T15:22:09.657Z] > git config --get commit.template [12ms]
[2022-06-22T15:22:09.659Z] > git remote --verbose [3ms]
[2022-06-22T15:22:09.666Z] > git config --get commit.template [1ms]
[2022-06-22T15:22:09.792Z] > git fetch [1066ms]
[2022-06-22T15:22:10.010Z] > git status -z -uall [212ms]
[2022-06-22T15:22:10.017Z] > git symbolic-ref --short HEAD [1ms]
[2022-06-22T15:22:10.023Z] > git for-each-ref --format=%(refname)%00%(upstream:short)%00%(objectname)%00%(upstream:track)%00%(upstream:remotename)%00%(upstream:remoteref) refs/heads/master refs/remotes/master [1ms]
[2022-06-22T15:22:10.035Z] > git remote --verbose [1ms]
[2022-06-22T15:22:10.048Z] > git for-each-ref --sort -committerdate --format %(refname) %(objectname) %(*objectname) [20ms]
[2022-06-22T15:22:10.060Z] > git config --get commit.template [0ms]
[2022-06-22T15:22:10.440Z] > git fetch [1729ms]
[2022-06-22T15:22:10.476Z] > git status -z -uall [29ms]
[2022-06-22T15:22:10.482Z] > git symbolic-ref --short HEAD [1ms]
[2022-06-22T15:22:10.482Z] fatal: ref HEAD is not a symbolic ref
[2022-06-22T15:22:10.489Z] > git rev-parse HEAD [1ms]
[2022-06-22T15:22:10.501Z] > git for-each-ref --sort -committerdate --format %(refname) %(objectname) %(*objectname) [7ms]
[2022-06-22T15:22:10.501Z] > git remote --verbose [2ms]
[2022-06-22T15:22:10.508Z] > git config --get commit.template [1ms]
[2022-06-22T15:22:10.654Z] > git status -z -uall [12ms]
[2022-06-22T15:22:10.660Z] > git status -z -uall [12ms]
[2022-06-22T15:22:10.667Z] > git status -z -uall [12ms]
[2022-06-22T15:22:10.674Z] > git symbolic-ref --short HEAD [8ms]
[2022-06-22T15:22:10.674Z] fatal: ref HEAD is not a symbolic ref
[2022-06-22T15:22:10.680Z] > git symbolic-ref --short HEAD [20ms]
[2022-06-22T15:22:10.680Z] fatal: ref HEAD is not a symbolic ref
[2022-06-22T15:22:10.686Z] > git rev-parse HEAD [6ms]
[2022-06-22T15:22:10.698Z] > git symbolic-ref --short HEAD [24ms]
[2022-06-22T15:22:10.698Z] fatal: ref HEAD is not a symbolic ref
[2022-06-22T15:22:10.704Z] > git remote --verbose [6ms]
[2022-06-22T15:22:10.704Z] > git for-each-ref --sort -committerdate --format %(refname) %(objectname) %(*objectname) [12ms]
[2022-06-22T15:22:10.705Z] > git rev-parse HEAD [19ms]
[2022-06-22T15:22:10.721Z] > git for-each-ref --sort -committerdate --format %(refname) %(objectname) %(*objectname) [11ms]
[2022-06-22T15:22:10.722Z] > git rev-parse HEAD [19ms]
[2022-06-22T15:22:10.735Z] > git for-each-ref --sort -committerdate --format %(refname) %(objectname) %(*objectname) [7ms]
[2022-06-22T15:22:10.735Z] > git config --get commit.template [14ms]
[2022-06-22T15:22:10.735Z] > git remote --verbose [20ms]
[2022-06-22T15:22:10.745Z] > git remote --verbose [11ms]
[2022-06-22T15:22:10.754Z] > git config --get commit.template [9ms]
[2022-06-22T15:22:10.755Z] > git config --get commit.template [2ms]
[2022-06-22T15:22:11.624Z] > git ls-tree -l HEAD -- /home/mike/qmk_firmware/keyboards/ferris/keymaps/huytd2k/keymap.json [7ms]
[2022-06-22T15:22:11.634Z] > git ls-files --stage -- /home/mike/qmk_firmware/keyboards/ferris/keymaps/huytd2k/keymap.json [11ms]
[2022-06-22T15:22:11.634Z] > git show --textconv HEAD:keyboards/ferris/keymaps/huytd2k/keymap.json [1ms]
[2022-06-22T15:22:11.648Z] > git show --textconv :keyboards/ferris/keymaps/huytd2k/keymap.json [6ms]
[2022-06-22T15:22:12.837Z] > git status -z -uall [221ms]
[2022-06-22T15:22:12.844Z] > git symbolic-ref --short HEAD [1ms]
[2022-06-22T15:22:12.851Z] > git for-each-ref --format=%(refname)%00%(upstream:short)%00%(objectname)%00%(upstream:track)%00%(upstream:remotename)%00%(upstream:remoteref) refs/heads/master refs/remotes/master [1ms]
[2022-06-22T15:22:12.863Z] > git remote --verbose [1ms]
[2022-06-22T15:22:12.875Z] > git for-each-ref --sort -committerdate --format %(refname) %(objectname) %(*objectname) [19ms]
[2022-06-22T15:22:12.887Z] > git config --get commit.template [0ms]
[2022-06-22T15:26:21.160Z] > git status -z -uall [307ms]
[2022-06-22T15:26:21.167Z] > git symbolic-ref --short HEAD [1ms]
[2022-06-22T15:26:21.173Z] > git for-each-ref --format=%(refname)%00%(upstream:short)%00%(objectname)%00%(upstream:track)%00%(upstream:remotename)%00%(upstream:remoteref) refs/heads/master refs/remotes/master [1ms]
[2022-06-22T15:26:21.183Z] > git remote --verbose [0ms]
[2022-06-22T15:26:21.197Z] > git for-each-ref --sort -committerdate --format %(refname) %(objectname) %(*objectname) [19ms]
[2022-06-22T15:26:21.210Z] > git config --get commit.template [2ms]
[2022-06-22T15:26:21.586Z] > git fetch [769ms]
[2022-06-22T15:26:21.595Z] > git status -z -uall [2ms]
[2022-06-22T15:26:21.601Z] > git fetch [778ms]
[2022-06-22T15:26:21.608Z] > git symbolic-ref --short HEAD [7ms]
[2022-06-22T15:26:21.608Z] fatal: ref HEAD is not a symbolic ref
[2022-06-22T15:26:21.613Z] > git status -z -uall [6ms]
[2022-06-22T15:26:21.620Z] > git rev-parse HEAD [7ms]
[2022-06-22T15:26:21.633Z] > git for-each-ref --sort -committerdate --format %(refname) %(objectname) %(*objectname) [7ms]
[2022-06-22T15:26:21.633Z] > git fetch [785ms]
[2022-06-22T15:26:21.638Z] > git fetch [835ms]
[2022-06-22T15:26:21.646Z] > git symbolic-ref --short HEAD [27ms]
[2022-06-22T15:26:21.646Z] fatal: ref HEAD is not a symbolic ref
[2022-06-22T15:26:21.654Z] > git fetch [824ms]
[2022-06-22T15:26:21.661Z] > git remote --verbose [29ms]
[2022-06-22T15:26:21.671Z] > git status -z -uall [25ms]
[2022-06-22T15:26:21.677Z] > git status -z -uall [39ms]
[2022-06-22T15:26:21.683Z] > git rev-parse HEAD [29ms]
[2022-06-22T15:26:21.696Z] > git status -z -uall [36ms]
[2022-06-22T15:26:21.702Z] > git remote --verbose [7ms]
[2022-06-22T15:26:21.702Z] > git for-each-ref --sort -committerdate --format %(refname) %(objectname) %(*objectname) [13ms]
[2022-06-22T15:26:21.703Z] > git symbolic-ref --short HEAD [20ms]
[2022-06-22T15:26:21.703Z] fatal: ref HEAD is not a symbolic ref
[2022-06-22T15:26:21.708Z] > git symbolic-ref --short HEAD [31ms]
[2022-06-22T15:26:21.708Z] fatal: ref HEAD is not a symbolic ref
[2022-06-22T15:26:21.714Z] > git config --get commit.template [43ms]
[2022-06-22T15:26:21.714Z] > git fetch [904ms]
[2022-06-22T15:26:21.726Z] > git status -z -uall [7ms]
[2022-06-22T15:26:21.731Z] > git rev-parse HEAD [17ms]
[2022-06-22T15:26:21.743Z] > git rev-parse HEAD [35ms]
[2022-06-22T15:26:21.754Z] > git symbolic-ref --short HEAD [52ms]
[2022-06-22T15:26:21.754Z] fatal: ref HEAD is not a symbolic ref
[2022-06-22T15:26:21.762Z] > git remote --verbose [8ms]
[2022-06-22T15:26:21.762Z] > git for-each-ref --sort -committerdate --format %(refname) %(objectname) %(*objectname) [14ms]
[2022-06-22T15:26:21.763Z] > git remote --verbose [21ms]
[2022-06-22T15:26:21.763Z] > git for-each-ref --sort -committerdate --format %(refname) %(objectname) %(*objectname) [27ms]
[2022-06-22T15:26:21.763Z] > git symbolic-ref --short HEAD [32ms]
[2022-06-22T15:26:21.763Z] fatal: ref HEAD is not a symbolic ref
[2022-06-22T15:26:21.768Z] > git config --get commit.template [43ms]
[2022-06-22T15:26:21.768Z] > git fetch [932ms]
[2022-06-22T15:26:21.782Z] > git rev-parse HEAD [14ms]
[2022-06-22T15:26:21.794Z] > git rev-parse HEAD [33ms]
[2022-06-22T15:26:21.807Z] > git status -z -uall [33ms]
[2022-06-22T15:26:21.812Z] > git for-each-ref --sort -committerdate --format %(refname) %(objectname) %(*objectname) [13ms]
[2022-06-22T15:26:21.813Z] > git remote --verbose [20ms]
[2022-06-22T15:26:21.813Z] > git for-each-ref --sort -committerdate --format %(refname) %(objectname) %(*objectname) [26ms]
[2022-06-22T15:26:21.813Z] > git config --get commit.template [32ms]
[2022-06-22T15:26:21.819Z] > git symbolic-ref --short HEAD [7ms]
[2022-06-22T15:26:21.819Z] fatal: ref HEAD is not a symbolic ref
[2022-06-22T15:26:21.826Z] > git remote --verbose [21ms]
[2022-06-22T15:26:21.838Z] > git rev-parse HEAD [12ms]
[2022-06-22T15:26:21.847Z] > git config --get commit.template [28ms]
[2022-06-22T15:26:21.848Z] > git remote --verbose [1ms]
[2022-06-22T15:26:21.848Z] > git for-each-ref --sort -committerdate --format %(refname) %(objectname) %(*objectname) [5ms]
[2022-06-22T15:26:21.850Z] > git config --get commit.template [13ms]
[2022-06-22T15:26:21.850Z] > git config --get commit.template [18ms]
[2022-06-22T15:26:21.851Z] > git fetch [1009ms]
[2022-06-22T15:26:21.866Z] > git config --get commit.template [4ms]
[2022-06-22T15:26:22.085Z] > git status -z -uall [229ms]
[2022-06-22T15:26:22.091Z] > git symbolic-ref --short HEAD [1ms]
[2022-06-22T15:26:22.097Z] > git for-each-ref --format=%(refname)%00%(upstream:short)%00%(objectname)%00%(upstream:track)%00%(upstream:remotename)%00%(upstream:remoteref) refs/heads/master refs/remotes/master [1ms]
[2022-06-22T15:26:22.108Z] > git remote --verbose [0ms]
[2022-06-22T15:26:22.121Z] > git for-each-ref --sort -committerdate --format %(refname) %(objectname) %(*objectname) [19ms]
[2022-06-22T15:26:22.133Z] > git config --get commit.template [0ms]
[2022-06-22T15:26:46.826Z] > git status -z -uall [10ms]
[2022-06-22T15:26:46.861Z] > git ls-tree -l HEAD -- /home/mike/qmk_firmware/keyboards/ferris/keymaps/huytd2k/keymap.json [18ms]
[2022-06-22T15:26:46.862Z] > git symbolic-ref --short HEAD [29ms]
[2022-06-22T15:26:46.862Z] fatal: ref HEAD is not a symbolic ref
[2022-06-22T15:26:46.871Z] > git ls-files --stage -- /home/mike/qmk_firmware/keyboards/ferris/keymaps/huytd2k/keymap.json [11ms]
[2022-06-22T15:26:46.872Z] > git rev-parse HEAD [1ms]
[2022-06-22T15:26:46.892Z] > git remote --verbose [9ms]
[2022-06-22T15:26:46.892Z] > git for-each-ref --sort -committerdate --format %(refname) %(objectname) %(*objectname) [14ms]
[2022-06-22T15:26:46.906Z] > git show --textconv HEAD:keyboards/ferris/keymaps/huytd2k/keymap.json [14ms]
[2022-06-22T15:26:46.906Z] > git show --textconv :keyboards/ferris/keymaps/huytd2k/keymap.json [7ms]
[2022-06-22T15:26:46.907Z] > git config --get commit.template [1ms]
[2022-06-22T15:26:47.070Z] > git status -z -uall [245ms]
[2022-06-22T15:26:47.081Z] > git symbolic-ref --short HEAD [1ms]
[2022-06-22T15:26:47.090Z] > git for-each-ref --format=%(refname)%00%(upstream:short)%00%(objectname)%00%(upstream:track)%00%(upstream:remotename)%00%(upstream:remoteref) refs/heads/master refs/remotes/master [2ms]
[2022-06-22T15:26:47.105Z] > git remote --verbose [1ms]
[2022-06-22T15:26:47.118Z] > git for-each-ref --sort -committerdate --format %(refname) %(objectname) %(*objectname) [21ms]
[2022-06-22T15:26:47.131Z] > git config --get commit.template [1ms]
[2022-06-22T15:31:02.713Z] > git status -z -uall [228ms]
[2022-06-22T15:31:02.719Z] > git symbolic-ref --short HEAD [1ms]
[2022-06-22T15:31:02.725Z] > git for-each-ref --format=%(refname)%00%(upstream:short)%00%(objectname)%00%(upstream:track)%00%(upstream:remotename)%00%(upstream:remoteref) refs/heads/master refs/remotes/master [2ms]
[2022-06-22T15:31:02.735Z] > git remote --verbose [1ms]
[2022-06-22T15:31:02.748Z] > git for-each-ref --sort -committerdate --format %(refname) %(objectname) %(*objectname) [19ms]
[2022-06-22T15:31:02.760Z] > git config --get commit.template [1ms]
[2022-06-22T15:31:03.247Z] > git fetch [815ms]
[2022-06-22T15:31:03.254Z] > git fetch [860ms]
[2022-06-22T15:31:03.260Z] > git status -z -uall [7ms]
[2022-06-22T15:31:03.267Z] > git status -z -uall [8ms]
[2022-06-22T15:31:03.274Z] > git fetch [872ms]
[2022-06-22T15:31:03.282Z] > git symbolic-ref --short HEAD [8ms]
[2022-06-22T15:31:03.282Z] fatal: ref HEAD is not a symbolic ref
[2022-06-22T15:31:03.288Z] > git symbolic-ref --short HEAD [22ms]
[2022-06-22T15:31:03.288Z] fatal: ref HEAD is not a symbolic ref
[2022-06-22T15:31:03.293Z] > git fetch [831ms]
[2022-06-22T15:31:03.299Z] > git fetch [854ms]
[2022-06-22T15:31:03.305Z] > git fetch [895ms]
[2022-06-22T15:31:03.316Z] > git status -z -uall [35ms]
[2022-06-22T15:31:03.323Z] > git rev-parse HEAD [30ms]
[2022-06-22T15:31:03.337Z] > git rev-parse HEAD [49ms]
[2022-06-22T15:31:03.351Z] > git status -z -uall [52ms]
[2022-06-22T15:31:03.357Z] > git status -z -uall [52ms]
[2022-06-22T15:31:03.363Z] > git status -z -uall [48ms]
[2022-06-22T15:31:03.368Z] > git for-each-ref --sort -committerdate --format %(refname) %(objectname) %(*objectname) [24ms]
[2022-06-22T15:31:03.369Z] > git remote --verbose [32ms]
[2022-06-22T15:31:03.369Z] > git for-each-ref --sort -committerdate --format %(refname) %(objectname) %(*objectname) [37ms]
[2022-06-22T15:31:03.369Z] > git symbolic-ref --short HEAD [46ms]
[2022-06-22T15:31:03.369Z] fatal: ref HEAD is not a symbolic ref
[2022-06-22T15:31:03.381Z] > git symbolic-ref --short HEAD [13ms]
[2022-06-22T15:31:03.381Z] fatal: ref HEAD is not a symbolic ref
[2022-06-22T15:31:03.386Z] > git symbolic-ref --short HEAD [23ms]
[2022-06-22T15:31:03.386Z] fatal: ref HEAD is not a symbolic ref
[2022-06-22T15:31:03.393Z] > git symbolic-ref --short HEAD [36ms]
[2022-06-22T15:31:03.393Z] fatal: ref HEAD is not a symbolic ref
[2022-06-22T15:31:03.399Z] > git fetch [927ms]
[2022-06-22T15:31:03.405Z] > git remote --verbose [56ms]
[2022-06-22T15:31:03.418Z] > git rev-parse HEAD [19ms]
[2022-06-22T15:31:03.429Z] > git rev-parse HEAD [36ms]
[2022-06-22T15:31:03.439Z] > git rev-parse HEAD [53ms]
[2022-06-22T15:31:03.449Z] > git config --get commit.template [69ms]
[2022-06-22T15:31:03.449Z] > git rev-parse HEAD [75ms]
[2022-06-22T15:31:03.461Z] > git status -z -uall [56ms]
[2022-06-22T15:31:03.466Z] > git for-each-ref --sort -committerdate --format %(refname) %(objectname) %(*objectname) [12ms]
[2022-06-22T15:31:03.466Z] > git remote --verbose [18ms]
[2022-06-22T15:31:03.466Z] > git for-each-ref --sort -committerdate --format %(refname) %(objectname) %(*objectname) [22ms]
[2022-06-22T15:31:03.467Z] > git remote --verbose [29ms]
[2022-06-22T15:31:03.467Z] > git for-each-ref --sort -committerdate --format %(refname) %(objectname) %(*objectname) [33ms]
[2022-06-22T15:31:03.467Z] > git remote --verbose [39ms]
[2022-06-22T15:31:03.467Z] > git for-each-ref --sort -committerdate --format %(refname) %(objectname) %(*objectname) [44ms]
[2022-06-22T15:31:03.468Z] > git config --get commit.template [51ms]
[2022-06-22T15:31:03.478Z] > git symbolic-ref --short HEAD [12ms]
[2022-06-22T15:31:03.478Z] fatal: ref HEAD is not a symbolic ref
[2022-06-22T15:31:03.483Z] > git remote --verbose [24ms]
[2022-06-22T15:31:03.490Z] > git rev-parse HEAD [7ms]
[2022-06-22T15:31:03.500Z] > git config --get commit.template [22ms]
[2022-06-22T15:31:03.501Z] > git config --get commit.template [28ms]
[2022-06-22T15:31:03.502Z] > git remote --verbose [2ms]
[2022-06-22T15:31:03.502Z] > git for-each-ref --sort -committerdate --format %(refname) %(objectname) %(*objectname) [7ms]
[2022-06-22T15:31:03.503Z] > git config --get commit.template [14ms]
[2022-06-22T15:31:03.515Z] > git config --get commit.template [1ms]
[2022-06-22T15:31:03.516Z] > git config --get commit.template [7ms]
[2022-06-22T15:31:04.188Z] > git fetch [1709ms]
[2022-06-22T15:31:04.403Z] > git status -z -uall [210ms]
[2022-06-22T15:31:04.409Z] > git symbolic-ref --short HEAD [1ms]
[2022-06-22T15:31:04.415Z] > git for-each-ref --format=%(refname)%00%(upstream:short)%00%(objectname)%00%(upstream:track)%00%(upstream:remotename)%00%(upstream:remoteref) refs/heads/master refs/remotes/master [1ms]
[2022-06-22T15:31:04.426Z] > git remote --verbose [1ms]
[2022-06-22T15:31:04.438Z] > git for-each-ref --sort -committerdate --format %(refname) %(objectname) %(*objectname) [18ms]
[2022-06-22T15:31:04.449Z] > git config --get commit.template [0ms]
[2022-06-22T15:32:58.470Z] > git ls-tree -l HEAD -- /home/mike/qmk_firmware/keyboards/ferris/keymaps/huytd2k/keymap.json [8ms]
[2022-06-22T15:32:58.479Z] > git ls-files --stage -- /home/mike/qmk_firmware/keyboards/ferris/keymaps/huytd2k/keymap.json [10ms]
[2022-06-22T15:32:58.501Z] > git show --textconv HEAD:keyboards/ferris/keymaps/huytd2k/keymap.json [6ms]
[2022-06-22T15:32:58.506Z] > git show --textconv :keyboards/ferris/keymaps/huytd2k/keymap.json [5ms]
[2022-06-22T15:32:58.662Z] > git status -z -uall [279ms]
[2022-06-22T15:32:58.668Z] > git symbolic-ref --short HEAD [1ms]
[2022-06-22T15:32:58.674Z] > git for-each-ref --format=%(refname)%00%(upstream:short)%00%(objectname)%00%(upstream:track)%00%(upstream:remotename)%00%(upstream:remoteref) refs/heads/master refs/remotes/master [1ms]
[2022-06-22T15:32:58.686Z] > git remote --verbose [1ms]
[2022-06-22T15:32:58.699Z] > git for-each-ref --sort -committerdate --format %(refname) %(objectname) %(*objectname) [19ms]
[2022-06-22T15:32:58.711Z] > git config --get commit.template [1ms]
[2022-06-22T15:34:34.719Z] > git status -z -uall [227ms]
[2022-06-22T15:34:34.726Z] > git symbolic-ref --short HEAD [1ms]
[2022-06-22T15:34:34.732Z] > git for-each-ref --format=%(refname)%00%(upstream:short)%00%(objectname)%00%(upstream:track)%00%(upstream:remotename)%00%(upstream:remoteref) refs/heads/master refs/remotes/master [1ms]
[2022-06-22T15:34:34.743Z] > git remote --verbose [1ms]
[2022-06-22T15:34:34.755Z] > git for-each-ref --sort -committerdate --format %(refname) %(objectname) %(*objectname) [18ms]
[2022-06-22T15:34:34.767Z] > git config --get commit.template [1ms]
[2022-06-22T15:34:35.229Z] > git fetch [793ms]
[2022-06-22T15:34:35.237Z] > git status -z -uall [2ms]
[2022-06-22T15:34:35.243Z] > git symbolic-ref --short HEAD [1ms]
[2022-06-22T15:34:35.243Z] fatal: ref HEAD is not a symbolic ref
[2022-06-22T15:34:35.250Z] > git rev-parse HEAD [1ms]
[2022-06-22T15:34:35.262Z] > git for-each-ref --sort -committerdate --format %(refname) %(objectname) %(*objectname) [6ms]
[2022-06-22T15:34:35.263Z] > git fetch [797ms]
[2022-06-22T15:34:35.269Z] > git fetch [826ms]
[2022-06-22T15:34:35.275Z] > git remote --verbose [14ms]
[2022-06-22T15:34:35.282Z] > git status -z -uall [13ms]
[2022-06-22T15:34:35.287Z] > git status -z -uall [12ms]
[2022-06-22T15:34:35.292Z] > git fetch [843ms]
[2022-06-22T15:34:35.297Z] > git symbolic-ref --short HEAD [5ms]
[2022-06-22T15:34:35.297Z] fatal: ref HEAD is not a symbolic ref
[2022-06-22T15:34:35.305Z] > git symbolic-ref --short HEAD [18ms]
[2022-06-22T15:34:35.305Z] fatal: ref HEAD is not a symbolic ref
[2022-06-22T15:34:35.311Z] > git config --get commit.template [29ms]
[2022-06-22T15:34:35.311Z] > git fetch [831ms]
[2022-06-22T15:34:35.316Z] > git rev-parse HEAD [5ms]
[2022-06-22T15:34:35.328Z] > git rev-parse HEAD [23ms]
[2022-06-22T15:34:35.338Z] > git fetch [882ms]
[2022-06-22T15:34:35.344Z] > git status -z -uall [47ms]
[2022-06-22T15:34:35.350Z] > git remote --verbose [12ms]
[2022-06-22T15:34:35.350Z] > git for-each-ref --sort -committerdate --format %(refname) %(objectname) %(*objectname) [17ms]
[2022-06-22T15:34:35.351Z] > git remote --verbose [24ms]
[2022-06-22T15:34:35.351Z] > git for-each-ref --sort -committerdate --format %(refname) %(objectname) %(*objectname) [29ms]
[2022-06-22T15:34:35.364Z] > git status -z -uall [48ms]
[2022-06-22T15:34:35.369Z] > git status -z -uall [25ms]
[2022-06-22T15:34:35.374Z] > git symbolic-ref --short HEAD [24ms]
[2022-06-22T15:34:35.374Z] fatal: ref HEAD is not a symbolic ref
[2022-06-22T15:34:35.379Z] > git symbolic-ref --short HEAD [5ms]
[2022-06-22T15:34:35.379Z] fatal: ref HEAD is not a symbolic ref
[2022-06-22T15:34:35.384Z] > git symbolic-ref --short HEAD [15ms]
[2022-06-22T15:34:35.384Z] fatal: ref HEAD is not a symbolic ref
[2022-06-22T15:34:35.389Z] > git config --get commit.template [27ms]
[2022-06-22T15:34:35.389Z] > git config --get commit.template [32ms]
[2022-06-22T15:34:35.390Z] > git fetch [917ms]
[2022-06-22T15:34:35.395Z] > git rev-parse HEAD [6ms]
[2022-06-22T15:34:35.407Z] > git rev-parse HEAD [23ms]
[2022-06-22T15:34:35.420Z] > git rev-parse HEAD [41ms]
[2022-06-22T15:34:35.432Z] > git status -z -uall [38ms]
[2022-06-22T15:34:35.438Z] > git for-each-ref --sort -committerdate --format %(refname) %(objectname) %(*objectname) [13ms]
[2022-06-22T15:34:35.438Z] > git remote --verbose [19ms]
[2022-06-22T15:34:35.438Z] > git for-each-ref --sort -committerdate --format %(refname) %(objectname) %(*objectname) [25ms]
[2022-06-22T15:34:35.438Z] > git remote --verbose [31ms]
[2022-06-22T15:34:35.438Z] > git for-each-ref --sort -committerdate --format %(refname) %(objectname) %(*objectname) [37ms]
[2022-06-22T15:34:35.445Z] > git symbolic-ref --short HEAD [8ms]
[2022-06-22T15:34:35.445Z] fatal: ref HEAD is not a symbolic ref
[2022-06-22T15:34:35.450Z] > git remote --verbose [19ms]
[2022-06-22T15:34:35.457Z] > git rev-parse HEAD [7ms]
[2022-06-22T15:34:35.468Z] > git config --get commit.template [24ms]
[2022-06-22T15:34:35.469Z] > git remote --verbose [1ms]
[2022-06-22T15:34:35.469Z] > git for-each-ref --sort -committerdate --format %(refname) %(objectname) %(*objectname) [6ms]
[2022-06-22T15:34:35.470Z] > git config --get commit.template [15ms]
[2022-06-22T15:34:35.482Z] > git config --get commit.template [6ms]
[2022-06-22T15:34:35.483Z] > git config --get commit.template [2ms]
[2022-06-22T15:34:35.518Z] > git fetch [1031ms]
[2022-06-22T15:34:35.745Z] > git status -z -uall [222ms]
[2022-06-22T15:34:35.751Z] > git symbolic-ref --short HEAD [0ms]
[2022-06-22T15:34:35.757Z] > git for-each-ref --format=%(refname)%00%(upstream:short)%00%(objectname)%00%(upstream:track)%00%(upstream:remotename)%00%(upstream:remoteref) refs/heads/master refs/remotes/master [1ms]
[2022-06-22T15:34:35.769Z] > git remote --verbose [1ms]
[2022-06-22T15:34:35.782Z] > git for-each-ref --sort -committerdate --format %(refname) %(objectname) %(*objectname) [19ms]
[2022-06-22T15:34:35.793Z] > git config --get commit.template [1ms]
[2022-06-22T15:35:39.869Z] > git status -z -uall [2ms]
[2022-06-22T15:35:39.878Z] > git symbolic-ref --short HEAD [2ms]
[2022-06-22T15:35:39.878Z] fatal: ref HEAD is not a symbolic ref
[2022-06-22T15:35:39.901Z] > git ls-tree -l HEAD -- /home/mike/qmk_firmware/keyboards/ferris/keymaps/huytd2k/keymap.json [9ms]
[2022-06-22T15:35:39.902Z] > git rev-parse HEAD [18ms]
[2022-06-22T15:35:39.922Z] > git for-each-ref --sort -committerdate --format %(refname) %(objectname) %(*objectname) [7ms]
[2022-06-22T15:35:39.922Z] > git ls-files --stage -- /home/mike/qmk_firmware/keyboards/ferris/keymaps/huytd2k/keymap.json [21ms]
[2022-06-22T15:35:39.935Z] > git remote --verbose [9ms]
[2022-06-22T15:35:39.942Z] > git show --textconv HEAD:keyboards/ferris/keymaps/huytd2k/keymap.json [12ms]
[2022-06-22T15:35:39.950Z] > git config --get commit.template [8ms]
[2022-06-22T15:35:39.955Z] > git show --textconv :keyboards/ferris/keymaps/huytd2k/keymap.json [5ms]
[2022-06-22T15:35:41.113Z] > git status -z -uall [222ms]
[2022-06-22T15:35:41.118Z] > git symbolic-ref --short HEAD [0ms]
[2022-06-22T15:35:41.124Z] > git for-each-ref --format=%(refname)%00%(upstream:short)%00%(objectname)%00%(upstream:track)%00%(upstream:remotename)%00%(upstream:remoteref) refs/heads/master refs/remotes/master [1ms]
[2022-06-22T15:35:41.135Z] > git remote --verbose [0ms]
[2022-06-22T15:35:41.148Z] > git for-each-ref --sort -committerdate --format %(refname) %(objectname) %(*objectname) [18ms]
[2022-06-22T15:35:41.159Z] > git config --get commit.template [1ms]
[2022-06-22T15:36:24.044Z] > git status -z -uall [246ms]
[2022-06-22T15:36:24.052Z] > git symbolic-ref --short HEAD [1ms]
[2022-06-22T15:36:24.059Z] > git for-each-ref --format=%(refname)%00%(upstream:short)%00%(objectname)%00%(upstream:track)%00%(upstream:remotename)%00%(upstream:remoteref) refs/heads/master refs/remotes/master [1ms]
[2022-06-22T15:36:24.073Z] > git remote --verbose [2ms]
[2022-06-22T15:36:24.085Z] > git for-each-ref --sort -committerdate --format %(refname) %(objectname) %(*objectname) [19ms]
[2022-06-22T15:36:24.099Z] > git config --get commit.template [3ms]
[2022-06-22T15:36:32.441Z] > git status -z -uall [237ms]
[2022-06-22T15:36:32.448Z] > git symbolic-ref --short HEAD [1ms]
[2022-06-22T15:36:32.455Z] > git for-each-ref --format=%(refname)%00%(upstream:short)%00%(objectname)%00%(upstream:track)%00%(upstream:remotename)%00%(upstream:remoteref) refs/heads/master refs/remotes/master [1ms]
[2022-06-22T15:36:32.466Z] > git remote --verbose [1ms]
[2022-06-22T15:36:32.480Z] > git for-each-ref --sort -committerdate --format %(refname) %(objectname) %(*objectname) [20ms]
[2022-06-22T15:36:32.492Z] > git config --get commit.template [1ms]
[2022-06-22T15:36:37.740Z] > git status -z -uall [242ms]
[2022-06-22T15:36:37.748Z] > git symbolic-ref --short HEAD [1ms]
[2022-06-22T15:36:37.754Z] > git for-each-ref --format=%(refname)%00%(upstream:short)%00%(objectname)%00%(upstream:track)%00%(upstream:remotename)%00%(upstream:remoteref) refs/heads/master refs/remotes/master [1ms]
[2022-06-22T15:36:37.774Z] > git remote --verbose [0ms]
[2022-06-22T15:36:37.783Z] > git for-each-ref --sort -committerdate --format %(refname) %(objectname) %(*objectname) [23ms]
[2022-06-22T15:36:37.799Z] > git config --get commit.template [2ms]
[2022-06-22T15:36:43.970Z] > git status -z -uall [222ms]
[2022-06-22T15:36:43.977Z] > git symbolic-ref --short HEAD [1ms]
[2022-06-22T15:36:43.984Z] > git for-each-ref --format=%(refname)%00%(upstream:short)%00%(objectname)%00%(upstream:track)%00%(upstream:remotename)%00%(upstream:remoteref) refs/heads/master refs/remotes/master [1ms]
[2022-06-22T15:36:43.994Z] > git remote --verbose [1ms]
[2022-06-22T15:36:44.006Z] > git for-each-ref --sort -committerdate --format %(refname) %(objectname) %(*objectname) [18ms]
[2022-06-22T15:36:44.018Z] > git config --get commit.template [0ms]
[2022-06-22T15:40:39.643Z] > git fetch [831ms]
[2022-06-22T15:40:39.651Z] > git status -z -uall [1ms]
[2022-06-22T15:40:39.659Z] > git fetch [787ms]
[2022-06-22T15:40:39.666Z] > git fetch [824ms]
[2022-06-22T15:40:39.673Z] > git symbolic-ref --short HEAD [15ms]
[2022-06-22T15:40:39.673Z] fatal: ref HEAD is not a symbolic ref
[2022-06-22T15:40:39.682Z] > git status -z -uall [9ms]
[2022-06-22T15:40:39.689Z] > git fetch [832ms]
[2022-06-22T15:40:39.697Z] > git symbolic-ref --short HEAD [9ms]
[2022-06-22T15:40:39.697Z] fatal: ref HEAD is not a symbolic ref
[2022-06-22T15:40:39.705Z] > git rev-parse HEAD [23ms]
[2022-06-22T15:40:39.718Z] > git status -z -uall [52ms]
[2022-06-22T15:40:39.724Z] > git status -z -uall [28ms]
[2022-06-22T15:40:39.731Z] > git for-each-ref --sort -committerdate --format %(refname) %(objectname) %(*objectname) [20ms]
[2022-06-22T15:40:39.731Z] > git rev-parse HEAD [26ms]
[2022-06-22T15:40:39.744Z] > git for-each-ref --sort -committerdate --format %(refname) %(objectname) %(*objectname) [7ms]
[2022-06-22T15:40:39.744Z] > git symbolic-ref --short HEAD [14ms]
[2022-06-22T15:40:39.744Z] fatal: ref HEAD is not a symbolic ref
[2022-06-22T15:40:39.750Z] > git symbolic-ref --short HEAD [26ms]
[2022-06-22T15:40:39.750Z] fatal: ref HEAD is not a symbolic ref
[2022-06-22T15:40:39.756Z] > git fetch [878ms]
[2022-06-22T15:40:39.763Z] > git remote --verbose [46ms]
[2022-06-22T15:40:39.771Z] > git rev-parse HEAD [15ms]
[2022-06-22T15:40:39.783Z] > git rev-parse HEAD [33ms]
[2022-06-22T15:40:39.795Z] > git remote --verbose [52ms]
[2022-06-22T15:40:39.802Z] > git status -z -uall [39ms]
[2022-06-22T15:40:39.807Z] > git remote --verbose [12ms]
[2022-06-22T15:40:39.808Z] > git for-each-ref --sort -committerdate --format %(refname) %(objectname) %(*objectname) [19ms]
[2022-06-22T15:40:39.808Z] > git remote --verbose [25ms]
[2022-06-22T15:40:39.808Z] > git for-each-ref --sort -committerdate --format %(refname) %(objectname) %(*objectname) [31ms]
[2022-06-22T15:40:39.808Z] > git config --get commit.template [38ms]
[2022-06-22T15:40:39.814Z] > git symbolic-ref --short HEAD [7ms]
[2022-06-22T15:40:39.814Z] fatal: ref HEAD is not a symbolic ref
[2022-06-22T15:40:39.819Z] > git config --get commit.template [18ms]
[2022-06-22T15:40:39.820Z] > git config --get commit.template [6ms]
[2022-06-22T15:40:39.820Z] > git rev-parse HEAD [1ms]
[2022-06-22T15:40:39.836Z] > git for-each-ref --sort -committerdate --format %(refname) %(objectname) %(*objectname) [11ms]
[2022-06-22T15:40:39.838Z] > git config --get commit.template [2ms]
[2022-06-22T15:40:39.838Z] > git remote --verbose [8ms]
[2022-06-22T15:40:39.845Z] > git config --get commit.template [1ms]
[2022-06-22T15:40:39.868Z] > git fetch [983ms]
[2022-06-22T15:40:39.898Z] > git fetch [1049ms]
[2022-06-22T15:40:39.913Z] > git status -z -uall [6ms]
[2022-06-22T15:40:39.919Z] > git symbolic-ref --short HEAD [1ms]
[2022-06-22T15:40:39.919Z] fatal: ref HEAD is not a symbolic ref
[2022-06-22T15:40:39.927Z] > git rev-parse HEAD [2ms]
[2022-06-22T15:40:39.938Z] > git for-each-ref --sort -committerdate --format %(refname) %(objectname) %(*objectname) [6ms]
[2022-06-22T15:40:39.939Z] > git remote --verbose [2ms]
[2022-06-22T15:40:39.946Z] > git config --get commit.template [0ms]
[2022-06-22T15:40:40.103Z] > git status -z -uall [230ms]
[2022-06-22T15:40:40.110Z] > git symbolic-ref --short HEAD [1ms]
[2022-06-22T15:40:40.117Z] > git for-each-ref --format=%(refname)%00%(upstream:short)%00%(objectname)%00%(upstream:track)%00%(upstream:remotename)%00%(upstream:remoteref) refs/heads/master refs/remotes/master [1ms]
[2022-06-22T15:40:40.130Z] > git remote --verbose [2ms]
[2022-06-22T15:40:40.135Z] > git fetch [1311ms]
[2022-06-22T15:40:40.142Z] > git status -z -uall [2ms]
[2022-06-22T15:40:40.148Z] > git for-each-ref --sort -committerdate --format %(refname) %(objectname) %(*objectname) [25ms]
[2022-06-22T15:40:40.160Z] > git symbolic-ref --short HEAD [11ms]
[2022-06-22T15:40:40.160Z] fatal: ref HEAD is not a symbolic ref
[2022-06-22T15:40:40.165Z] > git config --get commit.template [6ms]
[2022-06-22T15:40:40.166Z] > git rev-parse HEAD [1ms]
[2022-06-22T15:40:40.176Z] > git for-each-ref --sort -committerdate --format %(refname) %(objectname) %(*objectname) [5ms]
[2022-06-22T15:40:40.177Z] > git remote --verbose [2ms]
[2022-06-22T15:40:40.184Z] > git config --get commit.template [1ms]
[2022-06-22T15:43:27.692Z] > git status -z -uall [18ms]
[2022-06-22T15:43:27.699Z] > git status -z -uall [8ms]
[2022-06-22T15:43:27.705Z] > git symbolic-ref --short HEAD [7ms]
[2022-06-22T15:43:27.705Z] fatal: ref HEAD is not a symbolic ref
[2022-06-22T15:43:27.712Z] > git symbolic-ref --short HEAD [7ms]
[2022-06-22T15:43:27.712Z] fatal: ref HEAD is not a symbolic ref
[2022-06-22T15:43:27.718Z] > git rev-parse HEAD [7ms]
[2022-06-22T15:43:27.730Z] > git for-each-ref --sort -committerdate --format %(refname) %(objectname) %(*objectname) [7ms]
[2022-06-22T15:43:27.731Z] > git rev-parse HEAD [13ms]
[2022-06-22T15:43:27.743Z] > git for-each-ref --sort -committerdate --format %(refname) %(objectname) %(*objectname) [7ms]
[2022-06-22T15:43:27.744Z] > git remote --verbose [14ms]
[2022-06-22T15:43:27.751Z] > git remote --verbose [8ms]
[2022-06-22T15:43:27.759Z] > git config --get commit.template [8ms]
[2022-06-22T15:43:27.760Z] > git config --get commit.template [2ms]
[2022-06-22T15:43:27.782Z] > git ls-tree -l HEAD -- /home/mike/qmk_firmware/keyboards/ferris/keymaps/huytd2k/keymap.json [7ms]
[2022-06-22T15:43:27.790Z] > git ls-files --stage -- /home/mike/qmk_firmware/keyboards/ferris/keymaps/huytd2k/keymap.json [9ms]
[2022-06-22T15:43:27.791Z] > git show --textconv HEAD:keyboards/ferris/keymaps/huytd2k/keymap.json [1ms]
[2022-06-22T15:43:27.806Z] > git show --textconv :keyboards/ferris/keymaps/huytd2k/keymap.json [7ms]
[2022-06-22T16:06:37.485Z] > git status -z -uall [235ms]
[2022-06-22T16:06:37.491Z] > git symbolic-ref --short HEAD [1ms]
[2022-06-22T16:06:37.497Z] > git for-each-ref --format=%(refname)%00%(upstream:short)%00%(objectname)%00%(upstream:track)%00%(upstream:remotename)%00%(upstream:remoteref) refs/heads/master refs/remotes/master [1ms]
[2022-06-22T16:06:37.508Z] > git remote --verbose [1ms]
[2022-06-22T16:06:37.520Z] > git for-each-ref --sort -committerdate --format %(refname) %(objectname) %(*objectname) [18ms]
[2022-06-22T16:06:37.530Z] > git config --get commit.template [0ms]
[2022-06-22T16:06:38.006Z] > git fetch [859ms]
[2022-06-22T16:06:38.013Z] > git fetch [840ms]
[2022-06-22T16:06:38.019Z] > git status -z -uall [7ms]
[2022-06-22T16:06:38.027Z] > git fetch [873ms]
[2022-06-22T16:06:38.035Z] > git symbolic-ref --short HEAD [8ms]
[2022-06-22T16:06:38.035Z] fatal: ref HEAD is not a symbolic ref
[2022-06-22T16:06:38.041Z] > git fetch [857ms]
[2022-06-22T16:06:38.046Z] > git status -z -uall [28ms]
[2022-06-22T16:06:38.053Z] > git status -z -uall [20ms]
[2022-06-22T16:06:38.058Z] > git rev-parse HEAD [18ms]
[2022-06-22T16:06:38.069Z] > git fetch [834ms]
[2022-06-22T16:06:38.075Z] > git fetch [862ms]
[2022-06-22T16:06:38.080Z] > git status -z -uall [34ms]
[2022-06-22T16:06:38.086Z] > git status -z -uall [11ms]
[2022-06-22T16:06:38.090Z] > git status -z -uall [10ms]
[2022-06-22T16:06:38.095Z] > git remote --verbose [26ms]
[2022-06-22T16:06:38.095Z] > git for-each-ref --sort -committerdate --format %(refname) %(objectname) %(*objectname) [31ms]
[2022-06-22T16:06:38.096Z] > git symbolic-ref --short HEAD [38ms]
[2022-06-22T16:06:38.096Z] fatal: ref HEAD is not a symbolic ref
[2022-06-22T16:06:38.101Z] > git symbolic-ref --short HEAD [49ms]
[2022-06-22T16:06:38.101Z] fatal: ref HEAD is not a symbolic ref
[2022-06-22T16:06:38.105Z] > git fetch [908ms]
[2022-06-22T16:06:38.116Z] > git rev-parse HEAD [11ms]
[2022-06-22T16:06:38.127Z] > git rev-parse HEAD [26ms]
[2022-06-22T16:06:38.136Z] > git symbolic-ref --short HEAD [41ms]
[2022-06-22T16:06:38.136Z] fatal: ref HEAD is not a symbolic ref
[2022-06-22T16:06:38.140Z] > git symbolic-ref --short HEAD [50ms]
[2022-06-22T16:06:38.140Z] fatal: ref HEAD is not a symbolic ref
[2022-06-22T16:06:38.145Z] > git symbolic-ref --short HEAD [59ms]
[2022-06-22T16:06:38.145Z] fatal: ref HEAD is not a symbolic ref
[2022-06-22T16:06:38.151Z] > git status -z -uall [42ms]
[2022-06-22T16:06:38.156Z] > git rev-parse HEAD [11ms]
[2022-06-22T16:06:38.167Z] > git rev-parse HEAD [27ms]
[2022-06-22T16:06:38.178Z] > git remote --verbose [42ms]
[2022-06-22T16:06:38.178Z] > git for-each-ref --sort -committerdate --format %(refname) %(objectname) %(*objectname) [47ms]
[2022-06-22T16:06:38.179Z] > git remote --verbose [53ms]
[2022-06-22T16:06:38.179Z] > git for-each-ref --sort -committerdate --format %(refname) %(objectname) %(*objectname) [58ms]
[2022-06-22T16:06:38.179Z] > git config --get commit.template [63ms]
[2022-06-22T16:06:38.192Z] > git remote --verbose [14ms]
[2022-06-22T16:06:38.192Z] > git for-each-ref --sort -committerdate --format %(refname) %(objectname) %(*objectname) [20ms]
[2022-06-22T16:06:38.193Z] > git remote --verbose [27ms]
[2022-06-22T16:06:38.193Z] > git for-each-ref --sort -committerdate --format %(refname) %(objectname) %(*objectname) [31ms]
[2022-06-22T16:06:38.193Z] > git symbolic-ref --short HEAD [37ms]
[2022-06-22T16:06:38.193Z] fatal: ref HEAD is not a symbolic ref
[2022-06-22T16:06:38.198Z] > git rev-parse HEAD [49ms]
[2022-06-22T16:06:38.224Z] > git for-each-ref --sort -committerdate --format %(refname) %(objectname) %(*objectname) [20ms]
[2022-06-22T16:06:38.225Z] > git rev-parse HEAD [27ms]
[2022-06-22T16:06:38.238Z] > git config --get commit.template [47ms]
[2022-06-22T16:06:38.239Z] > git config --get commit.template [54ms]
[2022-06-22T16:06:38.240Z] > git remote --verbose [2ms]
[2022-06-22T16:06:38.240Z] > git for-each-ref --sort -committerdate --format %(refname) %(objectname) %(*objectname) [10ms]
[2022-06-22T16:06:38.241Z] > git config --get commit.template [17ms]
[2022-06-22T16:06:38.241Z] > git config --get commit.template [25ms]
[2022-06-22T16:06:38.241Z] > git remote --verbose [31ms]
[2022-06-22T16:06:38.248Z] > git fetch [1026ms]
[2022-06-22T16:06:38.255Z] > git config --get commit.template [8ms]
[2022-06-22T16:06:38.265Z] > git config --get commit.template [2ms]
[2022-06-22T16:06:38.496Z] > git status -z -uall [243ms]
[2022-06-22T16:06:38.502Z] > git symbolic-ref --short HEAD [1ms]
[2022-06-22T16:06:38.510Z] > git for-each-ref --format=%(refname)%00%(upstream:short)%00%(objectname)%00%(upstream:track)%00%(upstream:remotename)%00%(upstream:remoteref) refs/heads/master refs/remotes/master [1ms]
[2022-06-22T16:06:38.521Z] > git remote --verbose [0ms]
[2022-06-22T16:06:38.533Z] > git for-each-ref --sort -committerdate --format %(refname) %(objectname) %(*objectname) [19ms]
[2022-06-22T16:06:38.544Z] > git config --get commit.template [0ms]
[2022-06-22T16:06:39.396Z] > git ls-tree -l HEAD -- /home/mike/qmk_firmware/keyboards/ferris/keymaps/huytd2k/keymap.json [5ms]
[2022-06-22T16:06:39.406Z] > git ls-files --stage -- /home/mike/qmk_firmware/keyboards/ferris/keymaps/huytd2k/keymap.json [11ms]
[2022-06-22T16:06:39.407Z] > git show --textconv HEAD:keyboards/ferris/keymaps/huytd2k/keymap.json [2ms]
[2022-06-22T16:06:39.420Z] > git show --textconv :keyboards/ferris/keymaps/huytd2k/keymap.json [6ms]
[2022-06-22T16:06:42.762Z] > git status -z -uall [225ms]
[2022-06-22T16:06:42.768Z] > git symbolic-ref --short HEAD [1ms]
[2022-06-22T16:06:42.774Z] > git for-each-ref --format=%(refname)%00%(upstream:short)%00%(objectname)%00%(upstream:track)%00%(upstream:remotename)%00%(upstream:remoteref) refs/heads/master refs/remotes/master [1ms]
[2022-06-22T16:06:42.784Z] > git remote --verbose [1ms]
[2022-06-22T16:06:42.797Z] > git for-each-ref --sort -committerdate --format %(refname) %(objectname) %(*objectname) [18ms]
[2022-06-22T16:06:42.808Z] > git config --get commit.template [1ms]
