[2022-06-22T14:50:31.278Z] Log level: Info
[2022-06-22T14:50:31.280Z] [info] Validating found git in: git
[2022-06-22T14:50:31.290Z] [info] Using git 2.36.1 from git
[2022-06-22T14:50:31.305Z] > git rev-parse --show-toplevel [4ms]
[2022-06-22T14:50:31.316Z] > git rev-parse --git-dir --git-common-dir [4ms]
[2022-06-22T14:50:31.322Z] [info] Open repository: /home/mike/qmk_firmware
[2022-06-22T14:50:31.879Z] > git check-ignore -v -z --stdin [31ms]
[2022-06-22T14:50:32.013Z] > git status -z -uall [684ms]
[2022-06-22T14:50:32.018Z] > git symbolic-ref --short HEAD [1ms]
[2022-06-22T14:50:32.022Z] > git for-each-ref --format=%(refname)%00%(upstream:short)%00%(objectname)%00%(upstream:track)%00%(upstream:remotename)%00%(upstream:remoteref) refs/heads/master refs/remotes/master [1ms]
[2022-06-22T14:50:32.031Z] > git remote --verbose [2ms]
[2022-06-22T14:50:32.043Z] > git for-each-ref --sort -committerdate --format %(refname) %(objectname) %(*objectname) [17ms]
[2022-06-22T14:50:32.060Z] > git config --get commit.template [1ms]
[2022-06-22T14:50:32.564Z] > git rev-parse --show-toplevel [1ms]
[2022-06-22T14:50:32.570Z] > git rev-parse --git-dir --git-common-dir [1ms]
[2022-06-22T14:50:32.572Z] [info] Open repository: /home/mike/qmk_firmware/lib/chibios
[2022-06-22T14:50:32.581Z] > git rev-parse --show-toplevel [0ms]
[2022-06-22T14:50:32.586Z] > git rev-parse --git-dir --git-common-dir [1ms]
[2022-06-22T14:50:32.588Z] [info] Open repository: /home/mike/qmk_firmware/lib/chibios-contrib
[2022-06-22T14:50:32.599Z] > git status -z -uall [24ms]
[2022-06-22T14:50:32.605Z] > git rev-parse --show-toplevel [8ms]
[2022-06-22T14:50:32.611Z] > git symbolic-ref --short HEAD [6ms]
[2022-06-22T14:50:32.611Z] fatal: ref HEAD is not a symbolic ref
[2022-06-22T14:50:32.616Z] > git rev-parse --git-dir --git-common-dir [7ms]
[2022-06-22T14:50:32.618Z] [info] Open repository: /home/mike/qmk_firmware/lib/googletest
[2022-06-22T14:50:32.625Z] > git status -z -uall [4ms]
[2022-06-22T14:50:32.630Z] > git status -z -uall [38ms]
[2022-06-22T14:50:32.634Z] > git rev-parse HEAD [19ms]
[2022-06-22T14:50:32.642Z] > git symbolic-ref --short HEAD [8ms]
[2022-06-22T14:50:32.642Z] fatal: ref HEAD is not a symbolic ref
[2022-06-22T14:50:32.646Z] > git symbolic-ref --short HEAD [16ms]
[2022-06-22T14:50:32.646Z] fatal: ref HEAD is not a symbolic ref
[2022-06-22T14:50:32.650Z] > git rev-parse --show-toplevel [25ms]
[2022-06-22T14:50:32.654Z] > git rev-parse HEAD [4ms]
[2022-06-22T14:50:32.660Z] > git rev-parse HEAD [14ms]
[2022-06-22T14:50:32.667Z] > git for-each-ref --sort -committerdate --format %(refname) %(objectname) %(*objectname) [30ms]
[2022-06-22T14:50:32.668Z] > git remote --verbose [29ms]
[2022-06-22T14:50:32.677Z] > git remote --verbose [11ms]
[2022-06-22T14:50:32.677Z] > git for-each-ref --sort -committerdate --format %(refname) %(objectname) %(*objectname) [13ms]
[2022-06-22T14:50:32.677Z] > git remote --verbose [17ms]
[2022-06-22T14:50:32.677Z] > git for-each-ref --sort -committerdate --format %(refname) %(objectname) %(*objectname) [20ms]
[2022-06-22T14:50:32.678Z] > git rev-parse --git-dir --git-common-dir [25ms]
[2022-06-22T14:50:32.680Z] [info] Open repository: /home/mike/qmk_firmware/lib/lufa
[2022-06-22T14:50:32.692Z] > git status -z -uall [9ms]
[2022-06-22T14:50:32.696Z] > git config --get commit.template [20ms]
[2022-06-22T14:50:32.699Z] > git symbolic-ref --short HEAD [3ms]
[2022-06-22T14:50:32.699Z] fatal: ref HEAD is not a symbolic ref
[2022-06-22T14:50:32.702Z] > git config --get commit.template [11ms]
[2022-06-22T14:50:32.703Z] > git rev-parse --show-toplevel [16ms]
[2022-06-22T14:50:32.708Z] > git rev-parse HEAD [6ms]
[2022-06-22T14:50:32.719Z] > git for-each-ref --sort -committerdate --format %(refname) %(objectname) %(*objectname) [8ms]
[2022-06-22T14:50:32.719Z] > git rev-parse --git-dir --git-common-dir [13ms]
[2022-06-22T14:50:32.721Z] [info] Open repository: /home/mike/qmk_firmware/lib/vusb
[2022-06-22T14:50:32.729Z] > git status -z -uall [5ms]
[2022-06-22T14:50:32.733Z] > git rev-parse --show-toplevel [5ms]
[2022-06-22T14:50:32.737Z] > git config --get commit.template [19ms]
[2022-06-22T14:50:32.737Z] > git remote --verbose [22ms]
[2022-06-22T14:50:32.747Z] > git rev-parse --git-dir --git-common-dir [10ms]
[2022-06-22T14:50:32.749Z] [info] Open repository: /home/mike/qmk_firmware/lib/printf
[2022-06-22T14:50:32.753Z] > git symbolic-ref --short HEAD [20ms]
[2022-06-22T14:50:32.753Z] fatal: ref HEAD is not a symbolic ref
[2022-06-22T14:50:32.757Z] > git status -z -uall [4ms]
[2022-06-22T14:50:32.762Z] > git config --get commit.template [19ms]
[2022-06-22T14:50:32.763Z] > git symbolic-ref --short HEAD [1ms]
[2022-06-22T14:50:32.763Z] fatal: ref HEAD is not a symbolic ref
[2022-06-22T14:50:32.769Z] > git rev-parse HEAD [13ms]
[2022-06-22T14:50:32.779Z] > git for-each-ref --sort -committerdate --format %(refname) %(objectname) %(*objectname) [6ms]
[2022-06-22T14:50:32.779Z] > git rev-parse HEAD [10ms]
[2022-06-22T14:50:32.786Z] > git remote --verbose [1ms]
[2022-06-22T14:50:32.787Z] > git for-each-ref --sort -committerdate --format %(refname) %(objectname) %(*objectname) [5ms]
[2022-06-22T14:50:32.787Z] > git remote --verbose [11ms]
[2022-06-22T14:50:32.796Z] > git config --get commit.template [4ms]
[2022-06-22T14:50:32.797Z] > git config --get commit.template [1ms]
[2022-06-22T14:50:33.135Z] > git check-ignore -v -z --stdin [30ms]
[2022-06-22T14:50:33.217Z] > git rev-parse --show-toplevel [1ms]
[2022-06-22T14:50:33.222Z] > git rev-parse --git-dir --git-common-dir [1ms]
[2022-06-22T14:50:33.224Z] [info] Open repository: /home/mike/qmk_firmware/lib/chibios-contrib/ext/mcux-sdk
[2022-06-22T14:50:33.250Z] > git status -z -uall [22ms]
[2022-06-22T14:50:33.255Z] > git symbolic-ref --short HEAD [1ms]
[2022-06-22T14:50:33.255Z] fatal: ref HEAD is not a symbolic ref
[2022-06-22T14:50:33.259Z] > git rev-parse HEAD [1ms]
[2022-06-22T14:50:33.267Z] > git for-each-ref --sort -committerdate --format %(refname) %(objectname) %(*objectname) [4ms]
[2022-06-22T14:50:33.267Z] > git remote --verbose [1ms]
[2022-06-22T14:50:33.272Z] > git config --get commit.template [0ms]
[2022-06-22T14:50:33.773Z] > git check-ignore -v -z --stdin [30ms]
[2022-06-22T14:51:43.399Z] > git check-ignore -v -z --stdin [32ms]
[2022-06-22T14:51:46.687Z] > git check-ignore -v -z --stdin [50ms]
[2022-06-22T14:51:47.554Z] > git check-ignore -v -z --stdin [16ms]
[2022-06-22T14:51:48.258Z] > git check-ignore -v -z --stdin [16ms]
[2022-06-22T14:51:50.022Z] > git check-ignore -v -z --stdin [65ms]
[2022-06-22T14:52:01.020Z] > git show --textconv :keyboards/ferris/0_1/0_1.c [7ms]
[2022-06-22T14:52:01.026Z] > git ls-files --stage -- /home/mike/qmk_firmware/keyboards/ferris/0_1/0_1.c [6ms]
[2022-06-22T14:52:01.033Z] > git cat-file -s dbdb0b4bdc282c76318943e52dd81bbb01c1b7a9 [1ms]
[2022-06-22T14:52:01.515Z] > git check-ignore -v -z --stdin [33ms]
[2022-06-22T14:52:22.143Z] > git show --textconv :keyboards/ferris/0_1/0_1.c [6ms]
[2022-06-22T14:52:22.148Z] > git ls-files --stage -- /home/mike/qmk_firmware/keyboards/ferris/0_1/0_1.c [6ms]
[2022-06-22T14:52:22.153Z] > git cat-file -s dbdb0b4bdc282c76318943e52dd81bbb01c1b7a9 [1ms]
[2022-06-22T14:53:46.806Z] > git show --textconv :keyboards/ferris/0_1/0_1.c [7ms]
[2022-06-22T14:53:46.811Z] > git ls-files --stage -- /home/mike/qmk_firmware/keyboards/ferris/0_1/0_1.c [6ms]
[2022-06-22T14:53:46.816Z] > git cat-file -s dbdb0b4bdc282c76318943e52dd81bbb01c1b7a9 [0ms]
