[2022-06-22 21:50:26.328] [sharedprocess] [info] Starting worker process with pid 45001 (type: fileWatcher, window: 1).
[2022-06-22 21:51:06.413] [sharedprocess] [info] Getting Manifest... pkief.material-icon-theme
[2022-06-22 21:51:06.636] [sharedprocess] [info] Installing extension: pkief.material-icon-theme
[2022-06-22 21:51:07.668] [sharedprocess] [info] Getting Manifest... equinusocio.vsc-material-theme
[2022-06-22 21:51:07.893] [sharedprocess] [info] Installing extension: equinusocio.vsc-material-theme
[2022-06-22 21:51:08.490] [sharedprocess] [info] Getting Manifest... equinusocio.vsc-community-material-theme
[2022-06-22 21:51:09.456] [sharedprocess] [info] Getting Manifest... equinusocio.vsc-material-theme-icons
[2022-06-22 21:51:09.855] [sharedprocess] [info] Downloaded extension: pkief.material-icon-theme /home/mike/.config/Code - OSS/CachedExtensionVSIXs/pkief.material-icon-theme-4.18.1
[2022-06-22 21:51:10.492] [sharedprocess] [info] Installing extension: equinusocio.vsc-community-material-theme
[2022-06-22 21:51:10.492] [sharedprocess] [info] Installing extension: equinusocio.vsc-material-theme-icons
[2022-06-22 21:51:10.580] [sharedprocess] [info] Extracted extension to /home/mike/.vscode-oss/extensions/.9aead659-1a41-4a15-aee3-0f60feeef054: pkief.material-icon-theme
[2022-06-22 21:51:10.593] [sharedprocess] [info] Renamed to /home/mike/.vscode-oss/extensions/pkief.material-icon-theme-4.18.1
[2022-06-22 21:51:10.596] [sharedprocess] [info] Extracting completed. pkief.material-icon-theme
[2022-06-22 21:51:10.597] [sharedprocess] [info] Extension installed successfully: pkief.material-icon-theme
[2022-06-22 21:51:12.247] [sharedprocess] [info] Downloaded extension: equinusocio.vsc-community-material-theme /home/mike/.config/Code - OSS/CachedExtensionVSIXs/equinusocio.vsc-community-material-theme-1.4.4
[2022-06-22 21:51:12.260] [sharedprocess] [info] Extracted extension to /home/mike/.vscode-oss/extensions/.b77681ba-30c6-4099-a6db-bebfeae63055: equinusocio.vsc-community-material-theme
[2022-06-22 21:51:12.265] [sharedprocess] [info] Renamed to /home/mike/.vscode-oss/extensions/equinusocio.vsc-community-material-theme-1.4.4
[2022-06-22 21:51:12.266] [sharedprocess] [info] Extracting completed. equinusocio.vsc-community-material-theme
[2022-06-22 21:51:24.646] [sharedprocess] [info] Downloaded extension: equinusocio.vsc-material-theme-icons /home/mike/.config/Code - OSS/CachedExtensionVSIXs/equinusocio.vsc-material-theme-icons-2.3.1
[2022-06-22 21:51:26.557] [sharedprocess] [info] Extracted extension to /home/mike/.vscode-oss/extensions/.f8d6bafb-168c-42ad-bae6-f4c1e0650359: equinusocio.vsc-material-theme-icons
[2022-06-22 21:51:26.575] [sharedprocess] [info] Renamed to /home/mike/.vscode-oss/extensions/equinusocio.vsc-material-theme-icons-2.3.1
[2022-06-22 21:51:26.576] [sharedprocess] [info] Extracting completed. equinusocio.vsc-material-theme-icons
[2022-06-22 21:51:29.231] [sharedprocess] [info] Downloaded extension: equinusocio.vsc-material-theme /home/mike/.config/Code - OSS/CachedExtensionVSIXs/equinusocio.vsc-material-theme-33.5.0
[2022-06-22 21:51:29.273] [sharedprocess] [info] Extracted extension to /home/mike/.vscode-oss/extensions/.a49ba5a6-79c4-4eec-b7a6-02cd964b3859: equinusocio.vsc-material-theme
[2022-06-22 21:51:29.278] [sharedprocess] [info] Renamed to /home/mike/.vscode-oss/extensions/equinusocio.vsc-material-theme-33.5.0
[2022-06-22 21:51:29.279] [sharedprocess] [info] Extracting completed. equinusocio.vsc-material-theme
[2022-06-22 21:51:29.281] [sharedprocess] [info] Extension installed successfully: equinusocio.vsc-community-material-theme
[2022-06-22 21:51:29.281] [sharedprocess] [info] Extension installed successfully: equinusocio.vsc-material-theme-icons
[2022-06-22 21:51:29.281] [sharedprocess] [info] Extension installed successfully: equinusocio.vsc-material-theme
[2022-06-22 21:52:16.899] [sharedprocess] [info] Getting Manifest... vscodevim.vim
[2022-06-22 21:52:17.120] [sharedprocess] [info] Installing extension: vscodevim.vim
[2022-06-22 21:52:34.508] [sharedprocess] [info] Downloaded extension: vscodevim.vim /home/mike/.config/Code - OSS/CachedExtensionVSIXs/vscodevim.vim-1.22.2
[2022-06-22 21:52:34.581] [sharedprocess] [info] Extracted extension to /home/mike/.vscode-oss/extensions/.2cdb5d95-06c0-4b16-ad8e-474c1a72263a: vscodevim.vim
[2022-06-22 21:52:34.584] [sharedprocess] [info] Renamed to /home/mike/.vscode-oss/extensions/vscodevim.vim-1.22.2
[2022-06-22 21:52:34.586] [sharedprocess] [info] Extracting completed. vscodevim.vim
[2022-06-22 21:52:34.587] [sharedprocess] [info] Extension installed successfully: vscodevim.vim
