[2022-06-22T16:08:28.499Z] Log level: Info
[2022-06-22T16:08:28.500Z] [info] Validating found git in: git
[2022-06-22T16:08:28.522Z] [info] Using git 2.36.1 from git
[2022-06-22T16:08:28.543Z] > git rev-parse --show-toplevel [3ms]
[2022-06-22T16:08:28.560Z] > git rev-parse --git-dir --git-common-dir [0ms]
[2022-06-22T16:08:28.563Z] [info] Open repository: /home/mike/qmk_firmware
[2022-06-22T16:08:28.843Z] > git status -z -uall [262ms]
[2022-06-22T16:08:28.861Z] > git symbolic-ref --short HEAD [11ms]
[2022-06-22T16:08:28.870Z] > git for-each-ref --format=%(refname)%00%(upstream:short)%00%(objectname)%00%(upstream:track)%00%(upstream:remotename)%00%(upstream:remoteref) refs/heads/master refs/remotes/master [1ms]
[2022-06-22T16:08:28.888Z] > git remote --verbose [6ms]
[2022-06-22T16:08:28.903Z] > git for-each-ref --sort -committerdate --format %(refname) %(objectname) %(*objectname) [27ms]
[2022-06-22T16:08:28.923Z] > git config --get commit.template [4ms]
[2022-06-22T16:08:29.409Z] > git check-ignore -v -z --stdin [72ms]
[2022-06-22T16:08:29.418Z] > git rev-parse --show-toplevel [1ms]
[2022-06-22T16:08:29.426Z] > git rev-parse --git-dir --git-common-dir [1ms]
[2022-06-22T16:08:29.428Z] [info] Open repository: /home/mike/qmk_firmware/lib/chibios
[2022-06-22T16:08:29.448Z] > git rev-parse --show-toplevel [1ms]
[2022-06-22T16:08:29.456Z] > git rev-parse --git-dir --git-common-dir [2ms]
[2022-06-22T16:08:29.458Z] [info] Open repository: /home/mike/qmk_firmware/lib/chibios-contrib
[2022-06-22T16:08:29.481Z] > git status -z -uall [41ms]
[2022-06-22T16:08:29.498Z] > git rev-parse --show-toplevel [20ms]
[2022-06-22T16:08:29.505Z] > git rev-parse --git-dir --git-common-dir [1ms]
[2022-06-22T16:08:29.507Z] [info] Open repository: /home/mike/qmk_firmware/lib/googletest
[2022-06-22T16:08:29.528Z] > git symbolic-ref --short HEAD [33ms]
[2022-06-22T16:08:29.529Z] fatal: ref HEAD is not a symbolic ref
[2022-06-22T16:08:29.537Z] > git status -z -uall [66ms]
[2022-06-22T16:08:29.549Z] > git status -z -uall [29ms]
[2022-06-22T16:08:29.556Z] > git rev-parse --show-toplevel [28ms]
[2022-06-22T16:08:29.565Z] > git symbolic-ref --short HEAD [10ms]
[2022-06-22T16:08:29.565Z] fatal: ref HEAD is not a symbolic ref
[2022-06-22T16:08:29.572Z] > git symbolic-ref --short HEAD [23ms]
[2022-06-22T16:08:29.572Z] fatal: ref HEAD is not a symbolic ref
[2022-06-22T16:08:29.578Z] > git fetch [1006ms]
[2022-06-22T16:08:29.582Z] > git rev-parse HEAD [46ms]
[2022-06-22T16:08:29.613Z] > git remote --verbose [3ms]
[2022-06-22T16:08:29.613Z] > git for-each-ref --sort -committerdate --format %(refname) %(objectname) %(*objectname) [25ms]
[2022-06-22T16:08:29.619Z] > git rev-parse HEAD [42ms]
[2022-06-22T16:08:29.641Z] > git rev-parse HEAD [70ms]
[2022-06-22T16:08:29.653Z] > git rev-parse --git-dir --git-common-dir [91ms]
[2022-06-22T16:08:29.656Z] [info] Open repository: /home/mike/qmk_firmware/lib/lufa
[2022-06-22T16:08:29.682Z] > git status -z -uall [14ms]
[2022-06-22T16:08:29.690Z] > git remote --verbose [37ms]
[2022-06-22T16:08:29.691Z] > git for-each-ref --sort -committerdate --format %(refname) %(objectname) %(*objectname) [44ms]
[2022-06-22T16:08:29.701Z] > git remote --verbose [61ms]
[2022-06-22T16:08:29.701Z] > git for-each-ref --sort -committerdate --format %(refname) %(objectname) %(*objectname) [68ms]
[2022-06-22T16:08:29.725Z] > git config --get commit.template [43ms]
[2022-06-22T16:08:29.725Z] > git rev-parse --show-toplevel [50ms]
[2022-06-22T16:08:29.734Z] > git config --get commit.template [10ms]
[2022-06-22T16:08:29.735Z] > git symbolic-ref --short HEAD [45ms]
[2022-06-22T16:08:29.735Z] fatal: ref HEAD is not a symbolic ref
[2022-06-22T16:08:29.743Z] > git rev-parse --git-dir --git-common-dir [10ms]
[2022-06-22T16:08:29.744Z] [info] Open repository: /home/mike/qmk_firmware/lib/vusb
[2022-06-22T16:08:29.799Z] > git status -z -uall [32ms]
[2022-06-22T16:08:29.806Z] > git rev-parse --show-toplevel [26ms]
[2022-06-22T16:08:29.821Z] > git rev-parse HEAD [80ms]
[2022-06-22T16:08:29.845Z] > git for-each-ref --sort -committerdate --format %(refname) %(objectname) %(*objectname) [12ms]
[2022-06-22T16:08:29.845Z] > git rev-parse --git-dir --git-common-dir [24ms]
[2022-06-22T16:08:29.847Z] [info] Open repository: /home/mike/qmk_firmware/lib/printf
[2022-06-22T16:08:29.866Z] > git symbolic-ref --short HEAD [60ms]
[2022-06-22T16:08:29.866Z] fatal: ref HEAD is not a symbolic ref
[2022-06-22T16:08:29.872Z] > git config --get commit.template [74ms]
[2022-06-22T16:08:29.873Z] > git status -z -uall [8ms]
[2022-06-22T16:08:29.880Z] > git status -z -uall [298ms]
[2022-06-22T16:08:29.888Z] > git rev-parse HEAD [16ms]
[2022-06-22T16:08:29.904Z] > git remote --verbose [61ms]
[2022-06-22T16:08:29.914Z] > git remote --verbose [11ms]
[2022-06-22T16:08:29.914Z] > git for-each-ref --sort -committerdate --format %(refname) %(objectname) %(*objectname) [17ms]
[2022-06-22T16:08:29.915Z] > git symbolic-ref --short HEAD [27ms]
[2022-06-22T16:08:29.922Z] > git symbolic-ref --short HEAD [42ms]
[2022-06-22T16:08:29.922Z] fatal: ref HEAD is not a symbolic ref
[2022-06-22T16:08:29.943Z] > git for-each-ref --format=%(refname)%00%(upstream:short)%00%(objectname)%00%(upstream:track)%00%(upstream:remotename)%00%(upstream:remoteref) refs/heads/master refs/remotes/master [21ms]
[2022-06-22T16:08:29.956Z] > git config --get commit.template [45ms]
[2022-06-22T16:08:29.958Z] > git remote --verbose [2ms]
[2022-06-22T16:08:29.958Z] > git config --get commit.template [15ms]
[2022-06-22T16:08:29.958Z] > git rev-parse HEAD [29ms]
[2022-06-22T16:08:29.999Z] > git for-each-ref --sort -committerdate --format %(refname) %(objectname) %(*objectname) [34ms]
[2022-06-22T16:08:30.007Z] > git for-each-ref --sort -committerdate --format %(refname) %(objectname) %(*objectname) [57ms]
[2022-06-22T16:08:30.013Z] > git remote --verbose [41ms]
[2022-06-22T16:08:30.031Z] > git config --get commit.template [9ms]
[2022-06-22T16:08:30.033Z] > git config --get commit.template [2ms]
[2022-06-22T16:08:30.099Z] > git check-ignore -v -z --stdin [93ms]
[2022-06-22T16:08:30.271Z] > git fetch [806ms]
[2022-06-22T16:08:30.279Z] > git fetch [846ms]
[2022-06-22T16:08:30.328Z] > git status -z -uall [41ms]
[2022-06-22T16:08:30.338Z] > git symbolic-ref --short HEAD [3ms]
[2022-06-22T16:08:30.338Z] fatal: ref HEAD is not a symbolic ref
[2022-06-22T16:08:30.346Z] > git status -z -uall [69ms]
[2022-06-22T16:08:30.353Z] > git fetch [841ms]
[2022-06-22T16:08:30.361Z] > git symbolic-ref --short HEAD [9ms]
[2022-06-22T16:08:30.361Z] fatal: ref HEAD is not a symbolic ref
[2022-06-22T16:08:30.369Z] > git rev-parse HEAD [24ms]
[2022-06-22T16:08:30.386Z] > git status -z -uall [26ms]
[2022-06-22T16:08:30.395Z] > git remote --verbose [11ms]
[2022-06-22T16:08:30.395Z] > git for-each-ref --sort -committerdate --format %(refname) %(objectname) %(*objectname) [19ms]
[2022-06-22T16:08:30.397Z] > git rev-parse HEAD [28ms]
[2022-06-22T16:08:30.420Z] > git remote --verbose [7ms]
[2022-06-22T16:08:30.421Z] > git for-each-ref --sort -committerdate --format %(refname) %(objectname) %(*objectname) [15ms]
[2022-06-22T16:08:30.421Z] > git symbolic-ref --short HEAD [26ms]
[2022-06-22T16:08:30.421Z] fatal: ref HEAD is not a symbolic ref
[2022-06-22T16:08:30.428Z] > git config --get commit.template [8ms]
[2022-06-22T16:08:30.429Z] > git rev-parse HEAD [2ms]
[2022-06-22T16:08:30.446Z] > git for-each-ref --sort -committerdate --format %(refname) %(objectname) %(*objectname) [9ms]
[2022-06-22T16:08:30.455Z] > git remote --verbose [10ms]
[2022-06-22T16:08:30.465Z] > git config --get commit.template [10ms]
[2022-06-22T16:08:30.468Z] > git config --get commit.template [4ms]
[2022-06-22T16:08:30.491Z] > git fetch [829ms]
[2022-06-22T16:08:30.510Z] > git status -z -uall [10ms]
[2022-06-22T16:08:30.518Z] > git symbolic-ref --short HEAD [1ms]
[2022-06-22T16:08:30.518Z] fatal: ref HEAD is not a symbolic ref
[2022-06-22T16:08:30.525Z] > git rev-parse HEAD [0ms]
[2022-06-22T16:08:30.538Z] > git for-each-ref --sort -committerdate --format %(refname) %(objectname) %(*objectname) [6ms]
[2022-06-22T16:08:30.539Z] > git remote --verbose [1ms]
[2022-06-22T16:08:30.546Z] > git config --get commit.template [1ms]
[2022-06-22T16:08:30.622Z] > git fetch [862ms]
[2022-06-22T16:08:30.630Z] > git status -z -uall [1ms]
[2022-06-22T16:08:30.637Z] > git symbolic-ref --short HEAD [1ms]
[2022-06-22T16:08:30.637Z] fatal: ref HEAD is not a symbolic ref
[2022-06-22T16:08:30.646Z] > git rev-parse HEAD [2ms]
[2022-06-22T16:08:30.658Z] > git for-each-ref --sort -committerdate --format %(refname) %(objectname) %(*objectname) [7ms]
[2022-06-22T16:08:30.659Z] > git remote --verbose [1ms]
[2022-06-22T16:08:30.666Z] > git config --get commit.template [1ms]
[2022-06-22T16:08:30.675Z] > git fetch [816ms]
[2022-06-22T16:08:30.682Z] > git status -z -uall [1ms]
[2022-06-22T16:08:30.689Z] > git symbolic-ref --short HEAD [1ms]
[2022-06-22T16:08:30.689Z] fatal: ref HEAD is not a symbolic ref
[2022-06-22T16:08:30.695Z] > git rev-parse HEAD [1ms]
[2022-06-22T16:08:30.706Z] > git for-each-ref --sort -committerdate --format %(refname) %(objectname) %(*objectname) [6ms]
[2022-06-22T16:08:30.706Z] > git remote --verbose [1ms]
[2022-06-22T16:08:30.712Z] > git config --get commit.template [1ms]
[2022-06-22T16:08:30.953Z] > git rev-parse --show-toplevel [1ms]
[2022-06-22T16:08:30.960Z] > git rev-parse --git-dir --git-common-dir [1ms]
[2022-06-22T16:08:30.962Z] [info] Open repository: /home/mike/qmk_firmware/lib/chibios-contrib/ext/mcux-sdk
[2022-06-22T16:08:30.998Z] > git status -z -uall [23ms]
[2022-06-22T16:08:31.004Z] > git symbolic-ref --short HEAD [1ms]
[2022-06-22T16:08:31.004Z] fatal: ref HEAD is not a symbolic ref
[2022-06-22T16:08:31.010Z] > git rev-parse HEAD [1ms]
[2022-06-22T16:08:31.020Z] > git for-each-ref --sort -committerdate --format %(refname) %(objectname) %(*objectname) [6ms]
[2022-06-22T16:08:31.021Z] > git remote --verbose [2ms]
[2022-06-22T16:08:31.027Z] > git config --get commit.template [1ms]
[2022-06-22T16:08:31.565Z] > git check-ignore -v -z --stdin [66ms]
[2022-06-22T16:08:31.567Z] > git status -z -uall [7ms]
[2022-06-22T16:08:31.573Z] > git symbolic-ref --short HEAD [1ms]
[2022-06-22T16:08:31.573Z] fatal: ref HEAD is not a symbolic ref
[2022-06-22T16:08:31.578Z] > git rev-parse HEAD [0ms]
[2022-06-22T16:08:31.591Z] > git for-each-ref --sort -committerdate --format %(refname) %(objectname) %(*objectname) [8ms]
[2022-06-22T16:08:31.592Z] > git remote --verbose [3ms]
[2022-06-22T16:08:31.600Z] > git config --get commit.template [0ms]
[2022-06-22T16:08:31.683Z] > git status -z -uall [2ms]
[2022-06-22T16:08:31.690Z] > git symbolic-ref --short HEAD [1ms]
[2022-06-22T16:08:31.690Z] fatal: ref HEAD is not a symbolic ref
[2022-06-22T16:08:31.695Z] > git rev-parse HEAD [0ms]
[2022-06-22T16:08:31.705Z] > git for-each-ref --sort -committerdate --format %(refname) %(objectname) %(*objectname) [5ms]
[2022-06-22T16:08:31.705Z] > git remote --verbose [0ms]
[2022-06-22T16:08:31.712Z] > git config --get commit.template [1ms]
[2022-06-22T16:08:31.734Z] > git status -z -uall [1ms]
[2022-06-22T16:08:31.740Z] > git symbolic-ref --short HEAD [1ms]
[2022-06-22T16:08:31.740Z] fatal: ref HEAD is not a symbolic ref
[2022-06-22T16:08:31.745Z] > git rev-parse HEAD [0ms]
[2022-06-22T16:08:31.756Z] > git for-each-ref --sort -committerdate --format %(refname) %(objectname) %(*objectname) [5ms]
[2022-06-22T16:08:31.756Z] > git remote --verbose [1ms]
[2022-06-22T16:08:31.763Z] > git config --get commit.template [1ms]
[2022-06-22T16:08:32.794Z] > git fetch [1826ms]
[2022-06-22T16:08:32.823Z] > git status -z -uall [24ms]
[2022-06-22T16:08:32.829Z] > git symbolic-ref --short HEAD [1ms]
[2022-06-22T16:08:32.829Z] fatal: ref HEAD is not a symbolic ref
[2022-06-22T16:08:32.836Z] > git rev-parse HEAD [1ms]
[2022-06-22T16:08:32.848Z] > git for-each-ref --sort -committerdate --format %(refname) %(objectname) %(*objectname) [7ms]
[2022-06-22T16:08:32.848Z] > git remote --verbose [1ms]
[2022-06-22T16:08:32.856Z] > git config --get commit.template [1ms]
[2022-06-22T16:13:52.233Z] > git fetch [800ms]
[2022-06-22T16:13:52.240Z] > git status -z -uall [2ms]
[2022-06-22T16:13:52.247Z] > git fetch [802ms]
[2022-06-22T16:13:52.253Z] > git fetch [832ms]
[2022-06-22T16:13:52.259Z] > git status -z -uall [6ms]
[2022-06-22T16:13:52.265Z] > git fetch [801ms]
[2022-06-22T16:13:52.271Z] > git fetch [814ms]
[2022-06-22T16:13:52.279Z] > git symbolic-ref --short HEAD [33ms]
[2022-06-22T16:13:52.279Z] fatal: ref HEAD is not a symbolic ref
[2022-06-22T16:13:52.285Z] > git status -z -uall [6ms]
[2022-06-22T16:13:52.291Z] > git symbolic-ref --short HEAD [26ms]
[2022-06-22T16:13:52.291Z] fatal: ref HEAD is not a symbolic ref
[2022-06-22T16:13:52.297Z] > git status -z -uall [38ms]
[2022-06-22T16:13:52.303Z] > git status -z -uall [32ms]
[2022-06-22T16:13:52.309Z] > git symbolic-ref --short HEAD [18ms]
[2022-06-22T16:13:52.309Z] fatal: ref HEAD is not a symbolic ref
[2022-06-22T16:13:52.314Z] > git rev-parse HEAD [30ms]
[2022-06-22T16:13:52.325Z] > git remote --verbose [2ms]
[2022-06-22T16:13:52.325Z] > git for-each-ref --sort -committerdate --format %(refname) %(objectname) %(*objectname) [7ms]
[2022-06-22T16:13:52.326Z] > git rev-parse HEAD [13ms]
[2022-06-22T16:13:52.336Z] > git symbolic-ref --short HEAD [27ms]
[2022-06-22T16:13:52.336Z] fatal: ref HEAD is not a symbolic ref
[2022-06-22T16:13:52.342Z] > git symbolic-ref --short HEAD [39ms]
[2022-06-22T16:13:52.342Z] fatal: ref HEAD is not a symbolic ref
[2022-06-22T16:13:52.346Z] > git fetch [895ms]
[2022-06-22T16:13:52.351Z] > git fetch [946ms]
[2022-06-22T16:13:52.357Z] > git rev-parse HEAD [61ms]
[2022-06-22T16:13:52.376Z] > git status -z -uall [25ms]
[2022-06-22T16:13:52.381Z] > git status -z -uall [24ms]
[2022-06-22T16:13:52.385Z] > git for-each-ref --sort -committerdate --format %(refname) %(objectname) %(*objectname) [21ms]
[2022-06-22T16:13:52.386Z] > git rev-parse HEAD [40ms]
[2022-06-22T16:13:52.396Z] > git rev-parse HEAD [55ms]
[2022-06-22T16:13:52.405Z] > git remote --verbose [69ms]
[2022-06-22T16:13:52.405Z] > git for-each-ref --sort -committerdate --format %(refname) %(objectname) %(*objectname) [74ms]
[2022-06-22T16:13:52.412Z] > git remote --verbose [8ms]
[2022-06-22T16:13:52.412Z] > git for-each-ref --sort -committerdate --format %(refname) %(objectname) %(*objectname) [12ms]
[2022-06-22T16:13:52.413Z] > git remote --verbose [17ms]
[2022-06-22T16:13:52.413Z] > git for-each-ref --sort -committerdate --format %(refname) %(objectname) %(*objectname) [22ms]
[2022-06-22T16:13:52.413Z] > git symbolic-ref --short HEAD [28ms]
[2022-06-22T16:13:52.413Z] fatal: ref HEAD is not a symbolic ref
[2022-06-22T16:13:52.419Z] > git symbolic-ref --short HEAD [38ms]
[2022-06-22T16:13:52.419Z] fatal: ref HEAD is not a symbolic ref
[2022-06-22T16:13:52.424Z] > git config --get commit.template [49ms]
[2022-06-22T16:13:52.425Z] > git remote --verbose [56ms]
[2022-06-22T16:13:52.439Z] > git rev-parse HEAD [15ms]
[2022-06-22T16:13:52.447Z] > git rev-parse HEAD [28ms]
[2022-06-22T16:13:52.456Z] > git config --get commit.template [45ms]
[2022-06-22T16:13:52.458Z] > git remote --verbose [2ms]
[2022-06-22T16:13:52.458Z] > git for-each-ref --sort -committerdate --format %(refname) %(objectname) %(*objectname) [7ms]
[2022-06-22T16:13:52.461Z] > git remote --verbose [14ms]
[2022-06-22T16:13:52.461Z] > git for-each-ref --sort -committerdate --format %(refname) %(objectname) %(*objectname) [18ms]
[2022-06-22T16:13:52.461Z] > git config --get commit.template [24ms]
[2022-06-22T16:13:52.462Z] > git config --get commit.template [31ms]
[2022-06-22T16:13:52.462Z] > git fetch [1065ms]
[2022-06-22T16:13:52.497Z] > git config --get commit.template [10ms]
[2022-06-22T16:13:52.497Z] > git config --get commit.template [23ms]
[2022-06-22T16:13:52.498Z] > git config --get commit.template [3ms]
[2022-06-22T16:13:52.694Z] > git status -z -uall [227ms]
[2022-06-22T16:13:52.699Z] > git symbolic-ref --short HEAD [1ms]
[2022-06-22T16:13:52.705Z] > git for-each-ref --format=%(refname)%00%(upstream:short)%00%(objectname)%00%(upstream:track)%00%(upstream:remotename)%00%(upstream:remoteref) refs/heads/master refs/remotes/master [2ms]
[2022-06-22T16:13:52.713Z] > git remote --verbose [0ms]
[2022-06-22T16:13:52.726Z] > git for-each-ref --sort -committerdate --format %(refname) %(objectname) %(*objectname) [17ms]
[2022-06-22T16:13:52.738Z] > git config --get commit.template [1ms]
